INFO 2/25/2026, 9:56:35 AM  27  launch with argv [/home/dusts/Applications/Typora-linux-x64/Typora, /home/dusts/aston/Notes/Obsidian/aston/Job-Recs/TaylorTX/INTERVIEW_STORIES.md]
INFO 2/25/2026, 9:56:35 AM  121  ------------------start------------------
DEBUG 2/25/2026, 9:56:35 AM  127  before setting 
DEBUG 2/25/2026, 9:56:35 AM  140  prepDatabase /home/dusts/.config/Typora/profile.data
DEBUG 2/25/2026, 9:56:35 AM  145  prepDatabase /home/dusts/.config/Typora/history.data
INFO 2/25/2026, 9:56:35 AM  147  OS is linux 6.12.67_1
INFO 2/25/2026, 9:56:35 AM  147  start LM in devVersion=false
DEBUG 2/25/2026, 9:56:35 AM  156  after setting 
INFO 2/25/2026, 9:56:35 AM  156  typora version: 1.12.4
DEBUG 2/25/2026, 9:56:35 AM  156  app.openFile
INFO 2/25/2026, 9:56:35 AM  157  addRecentDocument
INFO 2/25/2026, 9:56:35 AM  162  [watch L]
DEBUG 2/25/2026, 9:56:35 AM  162  prepDatabase /home/dusts/.config/Typora/N2iLKcmZLq
INFO 2/25/2026, 9:56:35 AM  164  no info
INFO 2/25/2026, 9:56:35 AM  164  ls put SLicense
DEBUG 2/25/2026, 9:56:35 AM  164  onUnfillLicense
DEBUG 2/25/2026, 9:56:35 AM  164  trailRemains is 0
INFO 2/25/2026, 9:56:35 AM  164  [L] installDate is 1/23/2026, trail remains: 0 days
DEBUG 2/25/2026, 9:56:35 AM  164  onUnfillLicense
INFO 2/25/2026, 9:56:35 AM  164  [watch L] hasL: false
DEBUG 2/25/2026, 9:56:35 AM  216  added recovery 1 /home/dusts/aston/Notes/Obsidian/aston/Job-Recs/TaylorTX/INTERVIEW_STORIES.md  (0)
INFO 2/25/2026, 9:56:35 AM  228  [focus] 1
DEBUG 2/25/2026, 9:56:35 AM  230  putAccelerator File -> &File
DEBUG 2/25/2026, 9:56:35 AM  231  putAccelerator Edit -> &Edit
DEBUG 2/25/2026, 9:56:35 AM  231  putAccelerator Paragraph -> &Paragraph
DEBUG 2/25/2026, 9:56:35 AM  231  putAccelerator Format -> F&ormat
DEBUG 2/25/2026, 9:56:35 AM  232  putAccelerator View -> &View
DEBUG 2/25/2026, 9:56:35 AM  232  putAccelerator Themes -> &Themes
DEBUG 2/25/2026, 9:56:35 AM  232  putAccelerator Help -> &Help
INFO 2/25/2026, 9:56:35 AM  293  synced recovery
INFO 2/25/2026, 9:56:36 AM  472  [blur] 1
INFO 2/25/2026, 9:56:36 AM  472  [win] blur
INFO 2/25/2026, 9:56:36 AM  472  [focus] 2
DEBUG 2/25/2026, 9:56:36 AM  721  onUnfillLicense
ERROR 2/25/2026, 9:56:36 AM  729  Error: net::ERR_FILE_NOT_FOUND
    at SimpleURLLoaderWrapper.<anonymous> (node:electron/js2c/browser_init:2:123516)
    at SimpleURLLoaderWrapper.emit (node:events:518:28)
INFO 2/25/2026, 9:56:36 AM  731  handle document.loadData
DEBUG 2/25/2026, 9:56:36 AM  731  document.loadData 0
ERROR 2/25/2026, 9:56:36 AM  731  Error: net::ERR_FILE_NOT_FOUND
    at SimpleURLLoaderWrapper.<anonymous> (node:electron/js2c/browser_init:2:123516)
    at SimpleURLLoaderWrapper.emit (node:events:518:28)
INFO 2/25/2026, 9:56:36 AM  762  [RenderProcess 1][Log] [UndoManager] reset commandStack
INFO 2/25/2026, 9:56:36 AM  763  [RenderProcess 1][Log] reset NodeMap
INFO 2/25/2026, 9:56:36 AM  763  [RenderProcess 1][Log] readContentFrom /home/dusts/aston/Notes/Obsidian/aston/Job-Recs/TaylorTX/INTERVIEW_STORIES.md
DEBUG 2/25/2026, 9:56:36 AM  858  added recovery 1 /home/dusts/aston/Notes/Obsidian/aston/Job-Recs/TaylorTX/INTERVIEW_STORIES.md  (0)
INFO 2/25/2026, 9:56:36 AM  858  synced recovery
INFO 2/25/2026, 9:56:36 AM  917  [blur] 2
INFO 2/25/2026, 9:56:36 AM  917  [focus] 1
INFO 2/25/2026, 9:56:36 AM  923  [RenderProcess 1][Log] onBecomeActive
INFO 2/25/2026, 9:56:36 AM  924  [RenderProcess 1][Log] File.activeWindow = true
INFO 2/25/2026, 9:56:37 AM  1742  [blur] 1
INFO 2/25/2026, 9:56:37 AM  1742  [win] blur
INFO 2/25/2026, 9:56:37 AM  1765  [focus] 2
INFO 2/25/2026, 9:56:38 AM  2641  [focus] 1
INFO 2/25/2026, 9:56:39 AM  3767  [blur] 1
INFO 2/25/2026, 9:56:39 AM  3767  [win] blur
INFO 2/25/2026, 9:56:44 AM  8912  [focus] 1
INFO 2/25/2026, 9:56:45 AM  9895  [blur] 1
INFO 2/25/2026, 9:56:45 AM  9895  [win] blur
INFO 2/25/2026, 9:56:50 AM  15006  [focus] 1
INFO 2/25/2026, 9:57:20 AM  45267  [blur] 1
INFO 2/25/2026, 9:57:20 AM  45267  [win] blur
INFO 2/25/2026, 9:57:22 AM  46585  [focus] 1
INFO 2/25/2026, 9:57:23 AM  47809  [blur] 1
INFO 2/25/2026, 9:57:23 AM  47809  [win] blur
INFO 2/25/2026, 9:57:24 AM  48599  [focus] 1
INFO 2/25/2026, 9:57:29 AM  54088  [blur] 1
INFO 2/25/2026, 9:57:29 AM  54088  [win] blur
INFO 2/25/2026, 9:57:31 AM  55415  [focus] 1
INFO 2/25/2026, 9:57:31 AM  56175  synced recovery
INFO 2/25/2026, 9:57:31 AM  56175  ----------------before-quit-----------------
INFO 2/25/2026, 9:57:31 AM  56175  ------------------will-quit------------------
INFO 2/25/2026, 9:57:31 AM  56176  -----------------quit------------------
INFO 2/25/2026, 9:57:31 AM  56176  closeLogging
INFO 2/25/2026, 10:15:15 AM  28  launch with argv [/home/dusts/Applications/Typora-linux-x64/Typora, /home/dusts/aston/Notes/Obsidian/aston/Job-Recs/TaylorTX/INTERVIEW_STORIES.md]
INFO 2/25/2026, 10:15:15 AM  119  ------------------start------------------
DEBUG 2/25/2026, 10:15:15 AM  125  before setting 
DEBUG 2/25/2026, 10:15:15 AM  139  prepDatabase /home/dusts/.config/Typora/profile.data
DEBUG 2/25/2026, 10:15:15 AM  142  prepDatabase /home/dusts/.config/Typora/history.data
INFO 2/25/2026, 10:15:15 AM  144  OS is linux 6.12.67_1
INFO 2/25/2026, 10:15:15 AM  144  start LM in devVersion=false
DEBUG 2/25/2026, 10:15:15 AM  153  after setting 
INFO 2/25/2026, 10:15:15 AM  153  typora version: 1.12.4
DEBUG 2/25/2026, 10:15:15 AM  153  app.openFile
INFO 2/25/2026, 10:15:15 AM  153  addRecentDocument
INFO 2/25/2026, 10:15:15 AM  159  [watch L]
DEBUG 2/25/2026, 10:15:15 AM  159  prepDatabase /home/dusts/.config/Typora/N2iLKcmZLq
INFO 2/25/2026, 10:15:15 AM  160  no info
INFO 2/25/2026, 10:15:15 AM  160  ls put SLicense
DEBUG 2/25/2026, 10:15:15 AM  160  onUnfillLicense
DEBUG 2/25/2026, 10:15:15 AM  161  trailRemains is 0
INFO 2/25/2026, 10:15:15 AM  161  [L] installDate is 1/23/2026, trail remains: 0 days
DEBUG 2/25/2026, 10:15:15 AM  161  onUnfillLicense
INFO 2/25/2026, 10:15:15 AM  161  [watch L] hasL: false
user-dict.json not found
DEBUG 2/25/2026, 10:15:15 AM  202  added recovery 1 /home/dusts/aston/Notes/Obsidian/aston/Job-Recs/TaylorTX/INTERVIEW_STORIES.md  (0)
INFO 2/25/2026, 10:15:16 AM  218  [focus] 1
DEBUG 2/25/2026, 10:15:16 AM  219  putAccelerator File -> &File
DEBUG 2/25/2026, 10:15:16 AM  220  putAccelerator Edit -> &Edit
DEBUG 2/25/2026, 10:15:16 AM  220  putAccelerator Paragraph -> &Paragraph
DEBUG 2/25/2026, 10:15:16 AM  220  putAccelerator Format -> F&ormat
DEBUG 2/25/2026, 10:15:16 AM  221  putAccelerator View -> &View
DEBUG 2/25/2026, 10:15:16 AM  221  putAccelerator Themes -> &Themes
DEBUG 2/25/2026, 10:15:16 AM  221  putAccelerator Help -> &Help
INFO 2/25/2026, 10:15:16 AM  276  synced recovery
DEBUG 2/25/2026, 10:15:16 AM  668  onUnfillLicense
ERROR 2/25/2026, 10:15:16 AM  671  Error: net::ERR_FILE_NOT_FOUND
    at SimpleURLLoaderWrapper.<anonymous> (node:electron/js2c/browser_init:2:123516)
    at SimpleURLLoaderWrapper.emit (node:events:518:28)
INFO 2/25/2026, 10:15:16 AM  673  handle document.loadData
DEBUG 2/25/2026, 10:15:16 AM  673  document.loadData 0
ERROR 2/25/2026, 10:15:16 AM  673  Error: net::ERR_FILE_NOT_FOUND
    at SimpleURLLoaderWrapper.<anonymous> (node:electron/js2c/browser_init:2:123516)
    at SimpleURLLoaderWrapper.emit (node:events:518:28)
INFO 2/25/2026, 10:15:16 AM  716  [RenderProcess 1][Log] [UndoManager] reset commandStack
INFO 2/25/2026, 10:15:16 AM  716  [RenderProcess 1][Log] reset NodeMap
INFO 2/25/2026, 10:15:16 AM  717  [RenderProcess 1][Log] readContentFrom /home/dusts/aston/Notes/Obsidian/aston/Job-Recs/TaylorTX/INTERVIEW_STORIES.md
DEBUG 2/25/2026, 10:15:16 AM  799  added recovery 1 /home/dusts/aston/Notes/Obsidian/aston/Job-Recs/TaylorTX/INTERVIEW_STORIES.md  (0)
INFO 2/25/2026, 10:15:16 AM  800  synced recovery
INFO 2/25/2026, 10:15:16 AM  867  [RenderProcess 1][Log] onBecomeActive
INFO 2/25/2026, 10:15:16 AM  867  [RenderProcess 1][Log] File.activeWindow = true
INFO 2/25/2026, 11:30:31 AM  4515710  synced recovery
INFO 2/25/2026, 11:30:31 AM  4515710  ----------------before-quit-----------------
INFO 2/25/2026, 11:30:31 AM  4515710  ------------------will-quit------------------
INFO 2/25/2026, 11:30:31 AM  4515711  -----------------quit------------------
INFO 2/25/2026, 11:30:31 AM  4515711  closeLogging
INFO 3/3/2026, 10:59:23 PM  27  launch with argv [/home/dusts/Applications/Typora-linux-x64/Typora, /home/dusts/Downloads/Berkadia_Contract_Study_Guide_v2.md]
INFO 3/3/2026, 10:59:23 PM  132  ------------------start------------------
DEBUG 3/3/2026, 10:59:23 PM  137  before setting 
DEBUG 3/3/2026, 10:59:23 PM  152  prepDatabase /home/dusts/.config/Typora/profile.data
DEBUG 3/3/2026, 10:59:23 PM  154  prepDatabase /home/dusts/.config/Typora/history.data
INFO 3/3/2026, 10:59:23 PM  156  OS is linux 6.12.67_1
INFO 3/3/2026, 10:59:23 PM  156  start LM in devVersion=false
DEBUG 3/3/2026, 10:59:23 PM  165  after setting 
INFO 3/3/2026, 10:59:23 PM  165  typora version: 1.12.4
DEBUG 3/3/2026, 10:59:23 PM  165  app.openFile
INFO 3/3/2026, 10:59:23 PM  165  addRecentDocument
INFO 3/3/2026, 10:59:23 PM  170  [watch L]
DEBUG 3/3/2026, 10:59:23 PM  171  prepDatabase /home/dusts/.config/Typora/N2iLKcmZLq
INFO 3/3/2026, 10:59:23 PM  172  no info
INFO 3/3/2026, 10:59:23 PM  172  ls put SLicense
DEBUG 3/3/2026, 10:59:23 PM  172  onUnfillLicense
DEBUG 3/3/2026, 10:59:23 PM  173  trailRemains is 0
INFO 3/3/2026, 10:59:23 PM  173  [L] installDate is 1/23/2026, trail remains: 0 days
DEBUG 3/3/2026, 10:59:23 PM  173  onUnfillLicense
INFO 3/3/2026, 10:59:23 PM  173  [watch L] hasL: false
user-dict.json not found
DEBUG 3/3/2026, 10:59:23 PM  213  added recovery 1 /home/dusts/Downloads/Berkadia_Contract_Study_Guide_v2.md  (0)
INFO 3/3/2026, 10:59:23 PM  224  [focus] 1
DEBUG 3/3/2026, 10:59:23 PM  225  putAccelerator File -> &File
DEBUG 3/3/2026, 10:59:23 PM  225  putAccelerator Edit -> &Edit
DEBUG 3/3/2026, 10:59:23 PM  225  putAccelerator Paragraph -> &Paragraph
DEBUG 3/3/2026, 10:59:23 PM  226  putAccelerator Format -> F&ormat
DEBUG 3/3/2026, 10:59:23 PM  226  putAccelerator View -> &View
DEBUG 3/3/2026, 10:59:23 PM  226  putAccelerator Themes -> &Themes
DEBUG 3/3/2026, 10:59:23 PM  226  putAccelerator Help -> &Help
INFO 3/3/2026, 10:59:23 PM  279  synced recovery
DEBUG 3/3/2026, 10:59:23 PM  666  onUnfillLicense
ERROR 3/3/2026, 10:59:23 PM  669  Error: net::ERR_FILE_NOT_FOUND
    at SimpleURLLoaderWrapper.<anonymous> (node:electron/js2c/browser_init:2:123516)
    at SimpleURLLoaderWrapper.emit (node:events:518:28)
ERROR 3/3/2026, 10:59:23 PM  671  Error: net::ERR_FILE_NOT_FOUND
    at SimpleURLLoaderWrapper.<anonymous> (node:electron/js2c/browser_init:2:123516)
    at SimpleURLLoaderWrapper.emit (node:events:518:28)
INFO 3/3/2026, 10:59:23 PM  671  handle document.loadData
DEBUG 3/3/2026, 10:59:23 PM  671  document.loadData 0
INFO 3/3/2026, 10:59:24 PM  712  [RenderProcess 1][Log] [UndoManager] reset commandStack
INFO 3/3/2026, 10:59:24 PM  712  [RenderProcess 1][Log] reset NodeMap
INFO 3/3/2026, 10:59:24 PM  713  [RenderProcess 1][Log] readContentFrom /home/dusts/Downloads/Berkadia_Contract_Study_Guide_v2.md
DEBUG 3/3/2026, 10:59:24 PM  802  added recovery 1 /home/dusts/Downloads/Berkadia_Contract_Study_Guide_v2.md  (0)
INFO 3/3/2026, 10:59:24 PM  803  synced recovery
INFO 3/3/2026, 10:59:24 PM  873  [RenderProcess 1][Log] onBecomeActive
INFO 3/3/2026, 10:59:24 PM  873  [RenderProcess 1][Log] File.activeWindow = true
ERROR 3/3/2026, 10:59:31 PM  7742  Error: net::ERR_FILE_NOT_FOUND
    at SimpleURLLoaderWrapper.<anonymous> (node:electron/js2c/browser_init:2:123516)
    at SimpleURLLoaderWrapper.emit (node:events:518:28)
ERROR 3/3/2026, 10:59:31 PM  7742  Error: net::ERR_FILE_NOT_FOUND
    at SimpleURLLoaderWrapper.<anonymous> (node:electron/js2c/browser_init:2:123516)
    at SimpleURLLoaderWrapper.emit (node:events:518:28)
ERROR 3/3/2026, 10:59:37 PM  14694  Error: net::ERR_FILE_NOT_FOUND
    at SimpleURLLoaderWrapper.<anonymous> (node:electron/js2c/browser_init:2:123516)
    at SimpleURLLoaderWrapper.emit (node:events:518:28)
ERROR 3/3/2026, 10:59:37 PM  14694  Error: net::ERR_FILE_NOT_FOUND
    at SimpleURLLoaderWrapper.<anonymous> (node:electron/js2c/browser_init:2:123516)
    at SimpleURLLoaderWrapper.emit (node:events:518:28)
INFO 3/3/2026, 11:00:06 PM  42718  synced recovery
INFO 3/3/2026, 11:00:06 PM  42718  ----------------before-quit-----------------
INFO 3/3/2026, 11:00:06 PM  42718  ------------------will-quit------------------
INFO 3/3/2026, 11:00:06 PM  42719  -----------------quit------------------
INFO 3/3/2026, 11:00:06 PM  42719  closeLogging
INFO 3/18/2026, 3:46:17 PM  36  launch with argv [/home/dusts/Applications/Typora-linux-x64/Typora, /home/dusts/aston/Notes/Obsidian/aston/Philosophy/philosophy_notebooklm_guide.md]
INFO 3/18/2026, 3:46:17 PM  147  ------------------start------------------
DEBUG 3/18/2026, 3:46:17 PM  161  before setting 
DEBUG 3/18/2026, 3:46:17 PM  177  prepDatabase /home/dusts/.config/Typora/profile.data
DEBUG 3/18/2026, 3:46:17 PM  179  prepDatabase /home/dusts/.config/Typora/history.data
INFO 3/18/2026, 3:46:17 PM  182  OS is linux 6.12.77_1
INFO 3/18/2026, 3:46:17 PM  182  start LM in devVersion=false
DEBUG 3/18/2026, 3:46:17 PM  191  after setting 
INFO 3/18/2026, 3:46:17 PM  191  typora version: 1.12.4
DEBUG 3/18/2026, 3:46:17 PM  191  app.openFile
INFO 3/18/2026, 3:46:17 PM  191  addRecentDocument
DEBUG 3/18/2026, 3:46:17 PM  247  added recovery 1 /home/dusts/aston/Notes/Obsidian/aston/Philosophy/philosophy_notebooklm_guide.md  (0)
INFO 3/18/2026, 3:46:17 PM  250  [watch L]
DEBUG 3/18/2026, 3:46:17 PM  250  prepDatabase /home/dusts/.config/Typora/N2iLKcmZLq
INFO 3/18/2026, 3:46:17 PM  254  no info
INFO 3/18/2026, 3:46:17 PM  254  ls put SLicense
DEBUG 3/18/2026, 3:46:17 PM  255  onUnfillLicense
DEBUG 3/18/2026, 3:46:17 PM  255  trailRemains is 0
INFO 3/18/2026, 3:46:17 PM  255  [L] installDate is 1/23/2026, trail remains: 0 days
DEBUG 3/18/2026, 3:46:17 PM  255  onUnfillLicense
INFO 3/18/2026, 3:46:17 PM  264  [watch L] hasL: false
user-dict.json not found
INFO 3/18/2026, 3:46:17 PM  279  [focus] 1
DEBUG 3/18/2026, 3:46:18 PM  319  putAccelerator File -> &File
DEBUG 3/18/2026, 3:46:18 PM  319  putAccelerator Edit -> &Edit
DEBUG 3/18/2026, 3:46:18 PM  319  putAccelerator Paragraph -> &Paragraph
DEBUG 3/18/2026, 3:46:18 PM  319  putAccelerator Format -> F&ormat
DEBUG 3/18/2026, 3:46:18 PM  319  putAccelerator View -> &View
DEBUG 3/18/2026, 3:46:18 PM  319  putAccelerator Themes -> &Themes
DEBUG 3/18/2026, 3:46:18 PM  319  putAccelerator Help -> &Help
INFO 3/18/2026, 3:46:18 PM  344  synced recovery
INFO 3/18/2026, 3:46:18 PM  473  [blur] 1
INFO 3/18/2026, 3:46:18 PM  473  [win] blur
INFO 3/18/2026, 3:46:18 PM  473  [focus] 2
DEBUG 3/18/2026, 3:46:18 PM  793  onUnfillLicense
ERROR 3/18/2026, 3:46:18 PM  801  Error: net::ERR_FILE_NOT_FOUND
    at SimpleURLLoaderWrapper.<anonymous> (node:electron/js2c/browser_init:2:123516)
    at SimpleURLLoaderWrapper.emit (node:events:518:28)
INFO 3/18/2026, 3:46:18 PM  802  handle document.loadData
DEBUG 3/18/2026, 3:46:18 PM  802  document.loadData 0
ERROR 3/18/2026, 3:46:18 PM  803  Error: net::ERR_FILE_NOT_FOUND
    at SimpleURLLoaderWrapper.<anonymous> (node:electron/js2c/browser_init:2:123516)
    at SimpleURLLoaderWrapper.emit (node:events:518:28)
INFO 3/18/2026, 3:46:18 PM  857  [RenderProcess 1][Log] [UndoManager] reset commandStack
INFO 3/18/2026, 3:46:18 PM  857  [RenderProcess 1][Log] reset NodeMap
INFO 3/18/2026, 3:46:18 PM  858  [RenderProcess 1][Log] readContentFrom /home/dusts/aston/Notes/Obsidian/aston/Philosophy/philosophy_notebooklm_guide.md
DEBUG 3/18/2026, 3:46:18 PM  929  added recovery 1 /home/dusts/aston/Notes/Obsidian/aston/Philosophy/philosophy_notebooklm_guide.md  (0)
INFO 3/18/2026, 3:46:18 PM  930  synced recovery
INFO 3/18/2026, 3:46:18 PM  942  [blur] 2
INFO 3/18/2026, 3:46:18 PM  942  [focus] 1
INFO 3/18/2026, 3:46:18 PM  998  [blur] 1
INFO 3/18/2026, 3:46:18 PM  998  [win] blur
INFO 3/18/2026, 3:46:18 PM  998  [focus] 2
DEBUG 3/18/2026, 3:46:18 PM  1049  lastSync 2026-03-18T20:46:18.581Z, timestamp 1773866778615, mtime 1773866731615.257
INFO 3/18/2026, 3:46:18 PM  1049  [blur] 2
INFO 3/18/2026, 3:46:18 PM  1050  [focus] 1
INFO 3/18/2026, 3:46:18 PM  1089  [RenderProcess 1][Log] onBecomeActive
INFO 3/18/2026, 3:46:18 PM  1089  [RenderProcess 1][Log] File.activeWindow = true
INFO 3/18/2026, 3:46:19 PM  1589  [blur] 1
INFO 3/18/2026, 3:46:19 PM  1589  [win] blur
INFO 3/18/2026, 3:46:19 PM  1591  [focus] 2
INFO 3/18/2026, 3:46:19 PM  1689  [focus] 1
ERROR 3/18/2026, 3:46:28 PM  10834  Error: net::ERR_FILE_NOT_FOUND
    at SimpleURLLoaderWrapper.<anonymous> (node:electron/js2c/browser_init:2:123516)
    at SimpleURLLoaderWrapper.emit (node:events:518:28)
ERROR 3/18/2026, 3:46:28 PM  10835  Error: net::ERR_FILE_NOT_FOUND
    at SimpleURLLoaderWrapper.<anonymous> (node:electron/js2c/browser_init:2:123516)
    at SimpleURLLoaderWrapper.emit (node:events:518:28)
INFO 3/18/2026, 3:49:53 PM  215294  [blur] 1
INFO 3/18/2026, 3:49:53 PM  215294  [win] blur
INFO 3/18/2026, 3:49:54 PM  216857  [focus] 1
INFO 3/18/2026, 3:49:55 PM  217445  [blur] 1
INFO 3/18/2026, 3:49:55 PM  217445  [win] blur
INFO 3/18/2026, 3:49:55 PM  218117  [focus] 1
INFO 3/18/2026, 3:49:56 PM  218467  [blur] 1
INFO 3/18/2026, 3:49:56 PM  218467  [win] blur
INFO 3/18/2026, 3:50:13 PM  235544  [focus] 1
DEBUG 3/18/2026, 3:50:19 PM  241500  added recovery 1 /home/dusts/aston/Notes/Obsidian/aston/Philosophy/philosophy_notebooklm_guide.md "# Philosophy Se...parative work.
" (11730)
INFO 3/18/2026, 3:50:19 PM  241501  synced recovery
INFO 3/18/2026, 3:50:19 PM  241517  window.File && (function() {
					ClientCommand.zoomIn();
				})();
INFO 3/18/2026, 3:50:20 PM  242621  window.File && (function() {
					ClientCommand.zoomIn();
				})();
INFO 3/18/2026, 3:53:15 PM  417994  synced recovery
INFO 3/18/2026, 3:53:15 PM  417994  ----------------before-quit-----------------
INFO 3/18/2026, 3:53:15 PM  417994  ------------------will-quit------------------
INFO 3/18/2026, 3:53:15 PM  417995  -----------------quit------------------
INFO 3/18/2026, 3:53:15 PM  417995  closeLogging
INFO 3/18/2026, 4:39:43 PM  27  launch with argv [/home/dusts/Applications/Typora-linux-x64/Typora, /home/dusts/aston/Notes/Obsidian/aston/Philosophy/separating_validity_from_truth.md]
INFO 3/18/2026, 4:39:43 PM  129  ------------------start------------------
DEBUG 3/18/2026, 4:39:43 PM  135  before setting 
DEBUG 3/18/2026, 4:39:43 PM  148  prepDatabase /home/dusts/.config/Typora/profile.data
DEBUG 3/18/2026, 4:39:43 PM  154  prepDatabase /home/dusts/.config/Typora/history.data
INFO 3/18/2026, 4:39:43 PM  156  OS is linux 6.12.77_1
INFO 3/18/2026, 4:39:43 PM  156  start LM in devVersion=false
DEBUG 3/18/2026, 4:39:43 PM  164  after setting 
INFO 3/18/2026, 4:39:43 PM  164  typora version: 1.12.4
DEBUG 3/18/2026, 4:39:43 PM  165  app.openFile
INFO 3/18/2026, 4:39:43 PM  165  addRecentDocument
INFO 3/18/2026, 4:39:43 PM  170  [watch L]
DEBUG 3/18/2026, 4:39:43 PM  170  prepDatabase /home/dusts/.config/Typora/N2iLKcmZLq
INFO 3/18/2026, 4:39:43 PM  172  no info
INFO 3/18/2026, 4:39:43 PM  172  ls put SLicense
DEBUG 3/18/2026, 4:39:43 PM  172  onUnfillLicense
DEBUG 3/18/2026, 4:39:43 PM  173  trailRemains is 0
INFO 3/18/2026, 4:39:43 PM  173  [L] installDate is 1/23/2026, trail remains: 0 days
DEBUG 3/18/2026, 4:39:43 PM  173  onUnfillLicense
INFO 3/18/2026, 4:39:43 PM  173  [watch L] hasL: false
user-dict.json not found
DEBUG 3/18/2026, 4:39:43 PM  222  added recovery 2 /home/dusts/aston/Notes/Obsidian/aston/Philosophy/separating_validity_from_truth.md  (0)
INFO 3/18/2026, 4:39:43 PM  233  [focus] 2
DEBUG 3/18/2026, 4:39:43 PM  272  putAccelerator File -> &File
DEBUG 3/18/2026, 4:39:43 PM  273  putAccelerator Edit -> &Edit
DEBUG 3/18/2026, 4:39:43 PM  273  putAccelerator Paragraph -> &Paragraph
DEBUG 3/18/2026, 4:39:43 PM  273  putAccelerator Format -> F&ormat
DEBUG 3/18/2026, 4:39:43 PM  273  putAccelerator View -> &View
DEBUG 3/18/2026, 4:39:43 PM  273  putAccelerator Themes -> &Themes
DEBUG 3/18/2026, 4:39:43 PM  273  putAccelerator Help -> &Help
INFO 3/18/2026, 4:39:43 PM  303  synced recovery
DEBUG 3/18/2026, 4:39:43 PM  729  onUnfillLicense
ERROR 3/18/2026, 4:39:43 PM  736  Error: net::ERR_FILE_NOT_FOUND
    at SimpleURLLoaderWrapper.<anonymous> (node:electron/js2c/browser_init:2:123516)
    at SimpleURLLoaderWrapper.emit (node:events:518:28)
INFO 3/18/2026, 4:39:43 PM  738  handle document.loadData
DEBUG 3/18/2026, 4:39:43 PM  738  document.loadData 0
ERROR 3/18/2026, 4:39:43 PM  738  Error: net::ERR_FILE_NOT_FOUND
    at SimpleURLLoaderWrapper.<anonymous> (node:electron/js2c/browser_init:2:123516)
    at SimpleURLLoaderWrapper.emit (node:events:518:28)
INFO 3/18/2026, 4:39:44 PM  762  [RenderProcess 2][Log] [UndoManager] reset commandStack
INFO 3/18/2026, 4:39:44 PM  762  [RenderProcess 2][Log] reset NodeMap
INFO 3/18/2026, 4:39:44 PM  762  [RenderProcess 2][Log] readContentFrom /home/dusts/aston/Notes/Obsidian/aston/Philosophy/separating_validity_from_truth.md
DEBUG 3/18/2026, 4:39:44 PM  877  added recovery 2 /home/dusts/aston/Notes/Obsidian/aston/Philosophy/separating_validity_from_truth.md  (0)
INFO 3/18/2026, 4:39:44 PM  878  synced recovery
INFO 3/18/2026, 4:39:44 PM  909  [RenderProcess 2][Log] onBecomeActive
INFO 3/18/2026, 4:39:44 PM  909  [RenderProcess 2][Log] File.activeWindow = true
INFO 3/18/2026, 4:39:45 PM  2203  [blur] 2
INFO 3/18/2026, 4:39:45 PM  2203  [win] blur
INFO 3/18/2026, 4:39:45 PM  2203  [focus] 1
INFO 3/18/2026, 4:39:48 PM  5000  [focus] 2
DEBUG 3/18/2026, 4:41:00 PM  77051  app.openFile
DEBUG 3/18/2026, 4:41:00 PM  77065  added recovery 3 null  (0)
INFO 3/18/2026, 4:41:00 PM  77070  synced recovery
INFO 3/18/2026, 4:41:00 PM  77076  [blur] 2
INFO 3/18/2026, 4:41:00 PM  77076  [win] blur
INFO 3/18/2026, 4:41:00 PM  77076  [focus] 3
DEBUG 3/18/2026, 4:41:00 PM  77457  onUnfillLicense
ERROR 3/18/2026, 4:41:00 PM  77465  Error: net::ERR_FILE_NOT_FOUND
    at SimpleURLLoaderWrapper.<anonymous> (node:electron/js2c/browser_init:2:123516)
    at SimpleURLLoaderWrapper.emit (node:events:518:28)
ERROR 3/18/2026, 4:41:00 PM  77466  Error: net::ERR_FILE_NOT_FOUND
    at SimpleURLLoaderWrapper.<anonymous> (node:electron/js2c/browser_init:2:123516)
    at SimpleURLLoaderWrapper.emit (node:events:518:28)
INFO 3/18/2026, 4:41:00 PM  77466  handle document.loadData
DEBUG 3/18/2026, 4:41:00 PM  77467  document.loadData 0
INFO 3/18/2026, 4:41:00 PM  77491  [RenderProcess 3][Log] [UndoManager] reset commandStack
INFO 3/18/2026, 4:41:00 PM  77491  [RenderProcess 3][Log] reset NodeMap
DEBUG 3/18/2026, 4:41:00 PM  77500  added recovery 3   (0)
INFO 3/18/2026, 4:41:00 PM  77502  synced recovery
INFO 3/18/2026, 4:41:00 PM  77611  [RenderProcess 3][Log] onBecomeActive
INFO 3/18/2026, 4:41:00 PM  77612  [RenderProcess 3][Log] File.activeWindow = true
INFO 3/18/2026, 4:41:03 PM  80240  [focus] 2
INFO 3/18/2026, 4:41:03 PM  80240  [blur] 2
INFO 3/18/2026, 4:41:03 PM  80240  [win] blur
INFO 3/18/2026, 4:41:03 PM  80240  [focus] 2
INFO 3/18/2026, 4:41:03 PM  80241  [blur] 2
INFO 3/18/2026, 4:41:03 PM  80241  [win] blur
INFO 3/18/2026, 4:41:03 PM  80241  [focus] 2
INFO 3/18/2026, 4:44:26 PM  282867  synced recovery
INFO 3/18/2026, 4:44:26 PM  282867  ----------------before-quit-----------------
INFO 3/18/2026, 4:44:26 PM  282867  ------------------will-quit------------------
INFO 3/18/2026, 4:44:26 PM  282868  -----------------quit------------------
INFO 3/18/2026, 4:44:26 PM  282868  closeLogging
INFO 3/18/2026, 4:44:30 PM  28  launch with argv [/home/dusts/Applications/Typora-linux-x64/Typora, /home/dusts/aston/Notes/Obsidian/aston/Philosophy/argument_analysis.md]
INFO 3/18/2026, 4:44:30 PM  120  ------------------start------------------
DEBUG 3/18/2026, 4:44:30 PM  126  before setting 
DEBUG 3/18/2026, 4:44:30 PM  138  prepDatabase /home/dusts/.config/Typora/profile.data
DEBUG 3/18/2026, 4:44:30 PM  145  prepDatabase /home/dusts/.config/Typora/history.data
INFO 3/18/2026, 4:44:30 PM  147  OS is linux 6.12.77_1
INFO 3/18/2026, 4:44:30 PM  148  start LM in devVersion=false
DEBUG 3/18/2026, 4:44:30 PM  156  after setting 
INFO 3/18/2026, 4:44:30 PM  156  typora version: 1.12.4
DEBUG 3/18/2026, 4:44:30 PM  156  app.openFile
INFO 3/18/2026, 4:44:30 PM  156  addRecentDocument
INFO 3/18/2026, 4:44:30 PM  163  [watch L]
DEBUG 3/18/2026, 4:44:30 PM  163  prepDatabase /home/dusts/.config/Typora/N2iLKcmZLq
INFO 3/18/2026, 4:44:30 PM  166  no info
INFO 3/18/2026, 4:44:30 PM  166  ls put SLicense
DEBUG 3/18/2026, 4:44:30 PM  166  onUnfillLicense
DEBUG 3/18/2026, 4:44:30 PM  166  trailRemains is 0
INFO 3/18/2026, 4:44:30 PM  166  [L] installDate is 1/23/2026, trail remains: 0 days
DEBUG 3/18/2026, 4:44:30 PM  166  onUnfillLicense
INFO 3/18/2026, 4:44:30 PM  166  [watch L] hasL: false
user-dict.json not found
DEBUG 3/18/2026, 4:44:31 PM  220  added recovery 2 /home/dusts/aston/Notes/Obsidian/aston/Philosophy/argument_analysis.md  (0)
INFO 3/18/2026, 4:44:31 PM  229  [focus] 2
DEBUG 3/18/2026, 4:44:31 PM  264  putAccelerator File -> &File
DEBUG 3/18/2026, 4:44:31 PM  264  putAccelerator Edit -> &Edit
DEBUG 3/18/2026, 4:44:31 PM  265  putAccelerator Paragraph -> &Paragraph
DEBUG 3/18/2026, 4:44:31 PM  265  putAccelerator Format -> F&ormat
DEBUG 3/18/2026, 4:44:31 PM  265  putAccelerator View -> &View
DEBUG 3/18/2026, 4:44:31 PM  265  putAccelerator Themes -> &Themes
DEBUG 3/18/2026, 4:44:31 PM  265  putAccelerator Help -> &Help
INFO 3/18/2026, 4:44:31 PM  288  synced recovery
INFO 3/18/2026, 4:44:31 PM  407  [blur] 2
INFO 3/18/2026, 4:44:31 PM  407  [win] blur
INFO 3/18/2026, 4:44:31 PM  407  [focus] 1
DEBUG 3/18/2026, 4:44:31 PM  730  onUnfillLicense
ERROR 3/18/2026, 4:44:31 PM  740  Error: net::ERR_FILE_NOT_FOUND
    at SimpleURLLoaderWrapper.<anonymous> (node:electron/js2c/browser_init:2:123516)
    at SimpleURLLoaderWrapper.emit (node:events:518:28)
INFO 3/18/2026, 4:44:31 PM  742  handle document.loadData
DEBUG 3/18/2026, 4:44:31 PM  742  document.loadData 0
ERROR 3/18/2026, 4:44:31 PM  742  Error: net::ERR_FILE_NOT_FOUND
    at SimpleURLLoaderWrapper.<anonymous> (node:electron/js2c/browser_init:2:123516)
    at SimpleURLLoaderWrapper.emit (node:events:518:28)
INFO 3/18/2026, 4:44:31 PM  765  [RenderProcess 2][Log] [UndoManager] reset commandStack
INFO 3/18/2026, 4:44:31 PM  765  [RenderProcess 2][Log] reset NodeMap
INFO 3/18/2026, 4:44:31 PM  766  [RenderProcess 2][Log] readContentFrom /home/dusts/aston/Notes/Obsidian/aston/Philosophy/argument_analysis.md
DEBUG 3/18/2026, 4:44:31 PM  895  added recovery 2 /home/dusts/aston/Notes/Obsidian/aston/Philosophy/argument_analysis.md  (0)
INFO 3/18/2026, 4:44:31 PM  896  synced recovery
INFO 3/18/2026, 4:44:31 PM  924  [blur] 1
INFO 3/18/2026, 4:44:31 PM  924  [focus] 2
INFO 3/18/2026, 4:44:31 PM  931  [RenderProcess 2][Log] onBecomeActive
INFO 3/18/2026, 4:44:31 PM  932  [RenderProcess 2][Log] File.activeWindow = true
INFO 3/18/2026, 4:44:32 PM  1658  [blur] 2
INFO 3/18/2026, 4:44:32 PM  1658  [win] blur
INFO 3/18/2026, 4:44:32 PM  1658  [focus] 1
INFO 3/18/2026, 4:44:33 PM  2800  [focus] 2
INFO 3/18/2026, 4:48:40 PM  250120  [blur] 2
INFO 3/18/2026, 4:48:40 PM  250120  [win] blur
INFO 3/18/2026, 4:48:41 PM  250601  [focus] 2
INFO 3/18/2026, 4:48:43 PM  252704  synced recovery
INFO 3/18/2026, 4:48:43 PM  252704  ----------------before-quit-----------------
INFO 3/18/2026, 4:48:43 PM  252704  ------------------will-quit------------------
INFO 3/18/2026, 4:48:43 PM  252705  -----------------quit------------------
INFO 3/18/2026, 4:48:43 PM  252705  closeLogging
INFO 3/22/2026, 7:05:55 PM  35  launch with argv [/home/dusts/Applications/Typora-linux-x64/Typora, /home/dusts/Videos/YouTube/Notes/How I Make Myself Study When I’m Lazy (it's not discipline).md]
INFO 3/22/2026, 7:05:55 PM  153  ------------------start------------------
DEBUG 3/22/2026, 7:05:55 PM  168  before setting 
DEBUG 3/22/2026, 7:05:55 PM  183  prepDatabase /home/dusts/.config/Typora/profile.data
DEBUG 3/22/2026, 7:05:55 PM  185  prepDatabase /home/dusts/.config/Typora/history.data
INFO 3/22/2026, 7:05:55 PM  188  OS is linux 6.12.77_1
INFO 3/22/2026, 7:05:55 PM  188  start LM in devVersion=false
DEBUG 3/22/2026, 7:05:55 PM  196  after setting 
INFO 3/22/2026, 7:05:55 PM  196  typora version: 1.12.4
DEBUG 3/22/2026, 7:05:55 PM  196  app.openFile
INFO 3/22/2026, 7:05:55 PM  196  addRecentDocument
DEBUG 3/22/2026, 7:05:55 PM  252  added recovery 1 /home/dusts/Videos/YouTube/Notes/How I Make Myself Study When I’m Lazy (it's not discipline).md  (0)
INFO 3/22/2026, 7:05:55 PM  255  [watch L]
DEBUG 3/22/2026, 7:05:55 PM  255  prepDatabase /home/dusts/.config/Typora/N2iLKcmZLq
INFO 3/22/2026, 7:05:55 PM  259  no info
INFO 3/22/2026, 7:05:55 PM  259  ls put SLicense
DEBUG 3/22/2026, 7:05:55 PM  259  onUnfillLicense
DEBUG 3/22/2026, 7:05:55 PM  260  trailRemains is 0
INFO 3/22/2026, 7:05:55 PM  260  [L] installDate is 1/23/2026, trail remains: 0 days
DEBUG 3/22/2026, 7:05:55 PM  260  onUnfillLicense
INFO 3/22/2026, 7:05:55 PM  260  [watch L] hasL: false
user-dict.json not found
INFO 3/22/2026, 7:05:55 PM  291  [focus] 1
DEBUG 3/22/2026, 7:05:55 PM  334  putAccelerator File -> &File
DEBUG 3/22/2026, 7:05:55 PM  334  putAccelerator Edit -> &Edit
DEBUG 3/22/2026, 7:05:55 PM  334  putAccelerator Paragraph -> &Paragraph
DEBUG 3/22/2026, 7:05:55 PM  334  putAccelerator Format -> F&ormat
DEBUG 3/22/2026, 7:05:55 PM  334  putAccelerator View -> &View
DEBUG 3/22/2026, 7:05:55 PM  334  putAccelerator Themes -> &Themes
DEBUG 3/22/2026, 7:05:55 PM  334  putAccelerator Help -> &Help
INFO 3/22/2026, 7:05:55 PM  348  synced recovery
DEBUG 3/22/2026, 7:05:56 PM  773  onUnfillLicense
ERROR 3/22/2026, 7:05:56 PM  780  Error: net::ERR_FILE_NOT_FOUND
    at SimpleURLLoaderWrapper.<anonymous> (node:electron/js2c/browser_init:2:123516)
    at SimpleURLLoaderWrapper.emit (node:events:518:28)
ERROR 3/22/2026, 7:05:56 PM  781  Error: net::ERR_FILE_NOT_FOUND
    at SimpleURLLoaderWrapper.<anonymous> (node:electron/js2c/browser_init:2:123516)
    at SimpleURLLoaderWrapper.emit (node:events:518:28)
INFO 3/22/2026, 7:05:56 PM  781  handle document.loadData
DEBUG 3/22/2026, 7:05:56 PM  781  document.loadData 0
INFO 3/22/2026, 7:05:56 PM  806  [RenderProcess 1][Log] [UndoManager] reset commandStack
INFO 3/22/2026, 7:05:56 PM  807  [RenderProcess 1][Log] reset NodeMap
INFO 3/22/2026, 7:05:56 PM  807  [RenderProcess 1][Log] readContentFrom /home/dusts/Videos/YouTube/Notes/How I Make Myself Study When I’m Lazy (it's not discipline).md
DEBUG 3/22/2026, 7:05:56 PM  927  added recovery 1 /home/dusts/Videos/YouTube/Notes/How I Make Myself Study When I’m Lazy (it's not discipline).md  (0)
INFO 3/22/2026, 7:05:56 PM  928  synced recovery
INFO 3/22/2026, 7:05:56 PM  964  [RenderProcess 1][Log] onBecomeActive
INFO 3/22/2026, 7:05:56 PM  964  [RenderProcess 1][Log] File.activeWindow = true
INFO 3/22/2026, 7:06:03 PM  7644  synced recovery
INFO 3/22/2026, 7:06:03 PM  7645  ----------------before-quit-----------------
INFO 3/22/2026, 7:06:03 PM  7645  ------------------will-quit------------------
INFO 3/22/2026, 7:06:03 PM  7646  -----------------quit------------------
INFO 3/22/2026, 7:06:03 PM  7646  closeLogging
INFO 3/22/2026, 7:06:36 PM  27  launch with argv [/home/dusts/Applications/Typora-linux-x64/Typora, /home/dusts/Videos/YouTube/Notes/How I Make Myself Study When I’m Lazy (it's not discipline).md]
INFO 3/22/2026, 7:06:36 PM  114  ------------------start------------------
DEBUG 3/22/2026, 7:06:36 PM  120  before setting 
DEBUG 3/22/2026, 7:06:36 PM  134  prepDatabase /home/dusts/.config/Typora/profile.data
DEBUG 3/22/2026, 7:06:36 PM  136  prepDatabase /home/dusts/.config/Typora/history.data
INFO 3/22/2026, 7:06:36 PM  138  OS is linux 6.12.77_1
INFO 3/22/2026, 7:06:36 PM  138  start LM in devVersion=false
DEBUG 3/22/2026, 7:06:36 PM  147  after setting 
INFO 3/22/2026, 7:06:36 PM  147  typora version: 1.12.4
DEBUG 3/22/2026, 7:06:36 PM  147  app.openFile
INFO 3/22/2026, 7:06:36 PM  147  addRecentDocument
INFO 3/22/2026, 7:06:36 PM  153  [watch L]
DEBUG 3/22/2026, 7:06:36 PM  153  prepDatabase /home/dusts/.config/Typora/N2iLKcmZLq
INFO 3/22/2026, 7:06:36 PM  156  no info
INFO 3/22/2026, 7:06:36 PM  156  ls put SLicense
DEBUG 3/22/2026, 7:06:36 PM  156  onUnfillLicense
DEBUG 3/22/2026, 7:06:36 PM  156  trailRemains is 0
INFO 3/22/2026, 7:06:36 PM  156  [L] installDate is 1/23/2026, trail remains: 0 days
DEBUG 3/22/2026, 7:06:36 PM  156  onUnfillLicense
INFO 3/22/2026, 7:06:36 PM  156  [watch L] hasL: false
user-dict.json not found
DEBUG 3/22/2026, 7:06:36 PM  207  added recovery 1 /home/dusts/Videos/YouTube/Notes/How I Make Myself Study When I’m Lazy (it's not discipline).md  (0)
INFO 3/22/2026, 7:06:36 PM  224  [focus] 1
DEBUG 3/22/2026, 7:06:36 PM  228  putAccelerator File -> &File
DEBUG 3/22/2026, 7:06:36 PM  228  putAccelerator Edit -> &Edit
DEBUG 3/22/2026, 7:06:36 PM  228  putAccelerator Paragraph -> &Paragraph
DEBUG 3/22/2026, 7:06:36 PM  228  putAccelerator Format -> F&ormat
DEBUG 3/22/2026, 7:06:36 PM  229  putAccelerator View -> &View
DEBUG 3/22/2026, 7:06:36 PM  229  putAccelerator Themes -> &Themes
DEBUG 3/22/2026, 7:06:36 PM  229  putAccelerator Help -> &Help
INFO 3/22/2026, 7:06:36 PM  281  synced recovery
INFO 3/22/2026, 7:06:36 PM  396  [blur] 1
INFO 3/22/2026, 7:06:36 PM  396  [win] blur
INFO 3/22/2026, 7:06:36 PM  396  [focus] 2
DEBUG 3/22/2026, 7:06:37 PM  690  onUnfillLicense
ERROR 3/22/2026, 7:06:37 PM  696  Error: net::ERR_FILE_NOT_FOUND
    at SimpleURLLoaderWrapper.<anonymous> (node:electron/js2c/browser_init:2:123516)
    at SimpleURLLoaderWrapper.emit (node:events:518:28)
ERROR 3/22/2026, 7:06:37 PM  697  Error: net::ERR_FILE_NOT_FOUND
    at SimpleURLLoaderWrapper.<anonymous> (node:electron/js2c/browser_init:2:123516)
    at SimpleURLLoaderWrapper.emit (node:events:518:28)
INFO 3/22/2026, 7:06:37 PM  698  handle document.loadData
DEBUG 3/22/2026, 7:06:37 PM  698  document.loadData 0
INFO 3/22/2026, 7:06:37 PM  748  [RenderProcess 1][Log] [UndoManager] reset commandStack
INFO 3/22/2026, 7:06:37 PM  748  [RenderProcess 1][Log] reset NodeMap
INFO 3/22/2026, 7:06:37 PM  748  [RenderProcess 1][Log] readContentFrom /home/dusts/Videos/YouTube/Notes/How I Make Myself Study When I’m Lazy (it's not discipline).md
DEBUG 3/22/2026, 7:06:37 PM  837  added recovery 1 /home/dusts/Videos/YouTube/Notes/How I Make Myself Study When I’m Lazy (it's not discipline).md  (0)
INFO 3/22/2026, 7:06:37 PM  838  synced recovery
INFO 3/22/2026, 7:06:37 PM  902  [blur] 2
INFO 3/22/2026, 7:06:37 PM  903  [focus] 1
INFO 3/22/2026, 7:06:37 PM  910  [RenderProcess 1][Log] onBecomeActive
INFO 3/22/2026, 7:06:37 PM  910  [RenderProcess 1][Log] File.activeWindow = true
INFO 3/22/2026, 7:06:39 PM  3431  [blur] 1
INFO 3/22/2026, 7:06:39 PM  3431  [win] blur
INFO 3/22/2026, 7:06:39 PM  3431  [focus] 2
INFO 3/22/2026, 7:06:39 PM  3555  [focus] 1
INFO 3/22/2026, 7:06:40 PM  4329  synced recovery
INFO 3/22/2026, 7:06:40 PM  4329  ----------------before-quit-----------------
INFO 3/22/2026, 7:06:40 PM  4329  ------------------will-quit------------------
INFO 3/22/2026, 7:06:40 PM  4330  -----------------quit------------------
INFO 3/22/2026, 7:06:40 PM  4330  closeLogging
INFO 3/22/2026, 7:08:22 PM  26  launch with argv [/home/dusts/Applications/Typora-linux-x64/Typora, /home/dusts/Videos/YouTube/Notes/How To Take Smart Notes (3 methods no one's talking about).md]
INFO 3/22/2026, 7:08:22 PM  116  ------------------start------------------
DEBUG 3/22/2026, 7:08:22 PM  122  before setting 
DEBUG 3/22/2026, 7:08:22 PM  135  prepDatabase /home/dusts/.config/Typora/profile.data
DEBUG 3/22/2026, 7:08:22 PM  140  prepDatabase /home/dusts/.config/Typora/history.data
INFO 3/22/2026, 7:08:22 PM  143  OS is linux 6.12.77_1
INFO 3/22/2026, 7:08:22 PM  143  start LM in devVersion=false
DEBUG 3/22/2026, 7:08:22 PM  151  after setting 
INFO 3/22/2026, 7:08:22 PM  151  typora version: 1.12.4
DEBUG 3/22/2026, 7:08:22 PM  151  app.openFile
INFO 3/22/2026, 7:08:22 PM  151  addRecentDocument
INFO 3/22/2026, 7:08:22 PM  157  [watch L]
DEBUG 3/22/2026, 7:08:22 PM  157  prepDatabase /home/dusts/.config/Typora/N2iLKcmZLq
INFO 3/22/2026, 7:08:22 PM  158  no info
INFO 3/22/2026, 7:08:22 PM  158  ls put SLicense
DEBUG 3/22/2026, 7:08:22 PM  159  onUnfillLicense
DEBUG 3/22/2026, 7:08:22 PM  159  trailRemains is 0
INFO 3/22/2026, 7:08:22 PM  159  [L] installDate is 1/23/2026, trail remains: 0 days
DEBUG 3/22/2026, 7:08:22 PM  159  onUnfillLicense
INFO 3/22/2026, 7:08:22 PM  159  [watch L] hasL: false
user-dict.json not found
DEBUG 3/22/2026, 7:08:23 PM  216  added recovery 1 /home/dusts/Videos/YouTube/Notes/How To Take Smart Notes (3 methods no one's talking about).md  (0)
INFO 3/22/2026, 7:08:23 PM  250  [focus] 1
DEBUG 3/22/2026, 7:08:23 PM  253  putAccelerator File -> &File
DEBUG 3/22/2026, 7:08:23 PM  254  putAccelerator Edit -> &Edit
DEBUG 3/22/2026, 7:08:23 PM  254  putAccelerator Paragraph -> &Paragraph
DEBUG 3/22/2026, 7:08:23 PM  255  putAccelerator Format -> F&ormat
DEBUG 3/22/2026, 7:08:23 PM  255  putAccelerator View -> &View
DEBUG 3/22/2026, 7:08:23 PM  255  putAccelerator Themes -> &Themes
DEBUG 3/22/2026, 7:08:23 PM  255  putAccelerator Help -> &Help
INFO 3/22/2026, 7:08:23 PM  308  synced recovery
INFO 3/22/2026, 7:08:23 PM  426  [blur] 1
INFO 3/22/2026, 7:08:23 PM  426  [win] blur
INFO 3/22/2026, 7:08:23 PM  426  [focus] 2
DEBUG 3/22/2026, 7:08:23 PM  696  onUnfillLicense
ERROR 3/22/2026, 7:08:23 PM  702  Error: net::ERR_FILE_NOT_FOUND
    at SimpleURLLoaderWrapper.<anonymous> (node:electron/js2c/browser_init:2:123516)
    at SimpleURLLoaderWrapper.emit (node:events:518:28)
INFO 3/22/2026, 7:08:23 PM  703  handle document.loadData
DEBUG 3/22/2026, 7:08:23 PM  703  document.loadData 0
ERROR 3/22/2026, 7:08:23 PM  703  Error: net::ERR_FILE_NOT_FOUND
    at SimpleURLLoaderWrapper.<anonymous> (node:electron/js2c/browser_init:2:123516)
    at SimpleURLLoaderWrapper.emit (node:events:518:28)
INFO 3/22/2026, 7:08:23 PM  725  [RenderProcess 1][Log] [UndoManager] reset commandStack
INFO 3/22/2026, 7:08:23 PM  725  [RenderProcess 1][Log] reset NodeMap
INFO 3/22/2026, 7:08:23 PM  726  [RenderProcess 1][Log] readContentFrom /home/dusts/Videos/YouTube/Notes/How To Take Smart Notes (3 methods no one's talking about).md
DEBUG 3/22/2026, 7:08:23 PM  828  added recovery 1 /home/dusts/Videos/YouTube/Notes/How To Take Smart Notes (3 methods no one's talking about).md  (0)
INFO 3/22/2026, 7:08:23 PM  829  synced recovery
INFO 3/22/2026, 7:08:23 PM  855  [blur] 2
INFO 3/22/2026, 7:08:23 PM  855  [focus] 1
INFO 3/22/2026, 7:08:23 PM  860  [RenderProcess 1][Log] onBecomeActive
INFO 3/22/2026, 7:08:23 PM  861  [RenderProcess 1][Log] File.activeWindow = true
INFO 3/22/2026, 7:08:24 PM  1229  [blur] 1
INFO 3/22/2026, 7:08:24 PM  1229  [win] blur
INFO 3/22/2026, 7:08:24 PM  1280  [focus] 2
INFO 3/22/2026, 7:08:25 PM  3057  [focus] 1
INFO 3/22/2026, 7:08:29 PM  6254  synced recovery
INFO 3/22/2026, 7:08:29 PM  6254  ----------------before-quit-----------------
INFO 3/22/2026, 7:08:29 PM  6254  ------------------will-quit------------------
INFO 3/22/2026, 7:08:29 PM  6255  -----------------quit------------------
INFO 3/22/2026, 7:08:29 PM  6255  closeLogging
INFO 3/22/2026, 7:08:44 PM  27  launch with argv [/home/dusts/Applications/Typora-linux-x64/Typora, /home/dusts/Videos/YouTube/Notes/The Fastest Way To Achieve Literally Anything (You'll Never Feel Lost Again).md]
INFO 3/22/2026, 7:08:44 PM  120  ------------------start------------------
DEBUG 3/22/2026, 7:08:44 PM  126  before setting 
DEBUG 3/22/2026, 7:08:44 PM  140  prepDatabase /home/dusts/.config/Typora/profile.data
DEBUG 3/22/2026, 7:08:44 PM  141  prepDatabase /home/dusts/.config/Typora/history.data
INFO 3/22/2026, 7:08:44 PM  143  OS is linux 6.12.77_1
INFO 3/22/2026, 7:08:44 PM  144  start LM in devVersion=false
DEBUG 3/22/2026, 7:08:44 PM  152  after setting 
INFO 3/22/2026, 7:08:44 PM  152  typora version: 1.12.4
DEBUG 3/22/2026, 7:08:44 PM  152  app.openFile
INFO 3/22/2026, 7:08:44 PM  153  addRecentDocument
INFO 3/22/2026, 7:08:44 PM  158  [watch L]
DEBUG 3/22/2026, 7:08:44 PM  158  prepDatabase /home/dusts/.config/Typora/N2iLKcmZLq
INFO 3/22/2026, 7:08:44 PM  159  no info
INFO 3/22/2026, 7:08:44 PM  160  ls put SLicense
DEBUG 3/22/2026, 7:08:44 PM  160  onUnfillLicense
DEBUG 3/22/2026, 7:08:44 PM  160  trailRemains is 0
INFO 3/22/2026, 7:08:44 PM  160  [L] installDate is 1/23/2026, trail remains: 0 days
DEBUG 3/22/2026, 7:08:44 PM  160  onUnfillLicense
INFO 3/22/2026, 7:08:44 PM  160  [watch L] hasL: false
user-dict.json not found
DEBUG 3/22/2026, 7:08:44 PM  202  added recovery 1 /home/dusts/Videos/YouTube/Notes/The Fastest Way To Achieve Literally Anything (You'll Never Feel Lost Again).md  (0)
INFO 3/22/2026, 7:08:44 PM  208  [focus] 1
DEBUG 3/22/2026, 7:08:44 PM  208  putAccelerator File -> &File
DEBUG 3/22/2026, 7:08:44 PM  209  putAccelerator Edit -> &Edit
DEBUG 3/22/2026, 7:08:44 PM  209  putAccelerator Paragraph -> &Paragraph
DEBUG 3/22/2026, 7:08:44 PM  210  putAccelerator Format -> F&ormat
DEBUG 3/22/2026, 7:08:44 PM  210  putAccelerator View -> &View
DEBUG 3/22/2026, 7:08:44 PM  210  putAccelerator Themes -> &Themes
DEBUG 3/22/2026, 7:08:44 PM  210  putAccelerator Help -> &Help
INFO 3/22/2026, 7:08:44 PM  263  synced recovery
DEBUG 3/22/2026, 7:08:44 PM  679  onUnfillLicense
ERROR 3/22/2026, 7:08:44 PM  685  Error: net::ERR_FILE_NOT_FOUND
    at SimpleURLLoaderWrapper.<anonymous> (node:electron/js2c/browser_init:2:123516)
    at SimpleURLLoaderWrapper.emit (node:events:518:28)
INFO 3/22/2026, 7:08:44 PM  687  handle document.loadData
DEBUG 3/22/2026, 7:08:44 PM  687  document.loadData 0
ERROR 3/22/2026, 7:08:44 PM  687  Error: net::ERR_FILE_NOT_FOUND
    at SimpleURLLoaderWrapper.<anonymous> (node:electron/js2c/browser_init:2:123516)
    at SimpleURLLoaderWrapper.emit (node:events:518:28)
INFO 3/22/2026, 7:08:45 PM  710  [RenderProcess 1][Log] [UndoManager] reset commandStack
INFO 3/22/2026, 7:08:45 PM  710  [RenderProcess 1][Log] reset NodeMap
INFO 3/22/2026, 7:08:45 PM  710  [RenderProcess 1][Log] readContentFrom /home/dusts/Videos/YouTube/Notes/The Fastest Way To Achieve Literally Anything (You'll Never Feel Lost Again).md
INFO 3/22/2026, 7:08:45 PM  786  [RenderProcess 1][Log] enter busy mode
DEBUG 3/22/2026, 7:08:45 PM  832  added recovery 1 /home/dusts/Videos/YouTube/Notes/The Fastest Way To Achieve Literally Anything (You'll Never Feel Lost Again).md  (0)
INFO 3/22/2026, 7:08:45 PM  833  synced recovery
INFO 3/22/2026, 7:08:45 PM  905  [RenderProcess 1][Log] onBecomeActive
INFO 3/22/2026, 7:08:45 PM  905  [RenderProcess 1][Log] File.activeWindow = true
INFO 3/22/2026, 7:08:48 PM  3924  synced recovery
INFO 3/22/2026, 7:08:48 PM  3924  ----------------before-quit-----------------
INFO 3/22/2026, 7:08:48 PM  3924  ------------------will-quit------------------
INFO 3/22/2026, 7:08:48 PM  3925  -----------------quit------------------
INFO 3/22/2026, 7:08:48 PM  3925  closeLogging
INFO 3/22/2026, 7:08:50 PM  28  launch with argv [/home/dusts/Applications/Typora-linux-x64/Typora, /home/dusts/Videos/YouTube/Notes/The BEST Productivity Method Ever for ADHD   Interstitial Journaling.md]
INFO 3/22/2026, 7:08:50 PM  120  ------------------start------------------
DEBUG 3/22/2026, 7:08:50 PM  125  before setting 
DEBUG 3/22/2026, 7:08:50 PM  139  prepDatabase /home/dusts/.config/Typora/profile.data
DEBUG 3/22/2026, 7:08:50 PM  141  prepDatabase /home/dusts/.config/Typora/history.data
INFO 3/22/2026, 7:08:50 PM  143  OS is linux 6.12.77_1
INFO 3/22/2026, 7:08:50 PM  143  start LM in devVersion=false
DEBUG 3/22/2026, 7:08:50 PM  152  after setting 
INFO 3/22/2026, 7:08:50 PM  152  typora version: 1.12.4
DEBUG 3/22/2026, 7:08:50 PM  152  app.openFile
INFO 3/22/2026, 7:08:50 PM  152  addRecentDocument
INFO 3/22/2026, 7:08:50 PM  157  [watch L]
DEBUG 3/22/2026, 7:08:50 PM  158  prepDatabase /home/dusts/.config/Typora/N2iLKcmZLq
INFO 3/22/2026, 7:08:50 PM  159  no info
INFO 3/22/2026, 7:08:50 PM  159  ls put SLicense
DEBUG 3/22/2026, 7:08:50 PM  159  onUnfillLicense
DEBUG 3/22/2026, 7:08:50 PM  160  trailRemains is 0
INFO 3/22/2026, 7:08:50 PM  160  [L] installDate is 1/23/2026, trail remains: 0 days
DEBUG 3/22/2026, 7:08:50 PM  160  onUnfillLicense
INFO 3/22/2026, 7:08:50 PM  160  [watch L] hasL: false
user-dict.json not found
DEBUG 3/22/2026, 7:08:50 PM  200  added recovery 1 /home/dusts/Videos/YouTube/Notes/The BEST Productivity Method Ever for ADHD   Interstitial Journaling.md  (0)
INFO 3/22/2026, 7:08:50 PM  206  [focus] 1
DEBUG 3/22/2026, 7:08:50 PM  206  putAccelerator File -> &File
DEBUG 3/22/2026, 7:08:50 PM  207  putAccelerator Edit -> &Edit
DEBUG 3/22/2026, 7:08:50 PM  207  putAccelerator Paragraph -> &Paragraph
DEBUG 3/22/2026, 7:08:50 PM  208  putAccelerator Format -> F&ormat
DEBUG 3/22/2026, 7:08:50 PM  208  putAccelerator View -> &View
DEBUG 3/22/2026, 7:08:50 PM  208  putAccelerator Themes -> &Themes
DEBUG 3/22/2026, 7:08:50 PM  208  putAccelerator Help -> &Help
INFO 3/22/2026, 7:08:50 PM  261  synced recovery
DEBUG 3/22/2026, 7:08:50 PM  647  onUnfillLicense
ERROR 3/22/2026, 7:08:50 PM  653  Error: net::ERR_FILE_NOT_FOUND
    at SimpleURLLoaderWrapper.<anonymous> (node:electron/js2c/browser_init:2:123516)
    at SimpleURLLoaderWrapper.emit (node:events:518:28)
INFO 3/22/2026, 7:08:50 PM  655  handle document.loadData
DEBUG 3/22/2026, 7:08:50 PM  655  document.loadData 0
ERROR 3/22/2026, 7:08:50 PM  655  Error: net::ERR_FILE_NOT_FOUND
    at SimpleURLLoaderWrapper.<anonymous> (node:electron/js2c/browser_init:2:123516)
    at SimpleURLLoaderWrapper.emit (node:events:518:28)
INFO 3/22/2026, 7:08:50 PM  678  [RenderProcess 1][Log] [UndoManager] reset commandStack
INFO 3/22/2026, 7:08:50 PM  678  [RenderProcess 1][Log] reset NodeMap
INFO 3/22/2026, 7:08:50 PM  679  [RenderProcess 1][Log] readContentFrom /home/dusts/Videos/YouTube/Notes/The BEST Productivity Method Ever for ADHD   Interstitial Journaling.md
DEBUG 3/22/2026, 7:08:50 PM  765  added recovery 1 /home/dusts/Videos/YouTube/Notes/The BEST Productivity Method Ever for ADHD   Interstitial Journaling.md  (0)
INFO 3/22/2026, 7:08:50 PM  767  synced recovery
INFO 3/22/2026, 7:08:50 PM  834  [RenderProcess 1][Log] onBecomeActive
INFO 3/22/2026, 7:08:50 PM  834  [RenderProcess 1][Log] File.activeWindow = true
INFO 3/22/2026, 7:08:51 PM  1764  synced recovery
INFO 3/22/2026, 7:08:51 PM  1764  ----------------before-quit-----------------
INFO 3/22/2026, 7:08:51 PM  1764  ------------------will-quit------------------
INFO 3/22/2026, 7:08:51 PM  1765  -----------------quit------------------
INFO 3/22/2026, 7:08:51 PM  1765  closeLogging
INFO 3/22/2026, 7:09:39 PM  27  launch with argv [/home/dusts/Applications/Typora-linux-x64/Typora, /home/dusts/Videos/YouTube/Notes/Why ADHD Brains Need to Functional Plan_-_Guide_-_Sonnet_4.6.md]
INFO 3/22/2026, 7:09:39 PM  126  ------------------start------------------
DEBUG 3/22/2026, 7:09:39 PM  132  before setting 
DEBUG 3/22/2026, 7:09:39 PM  145  prepDatabase /home/dusts/.config/Typora/profile.data
DEBUG 3/22/2026, 7:09:39 PM  147  prepDatabase /home/dusts/.config/Typora/history.data
INFO 3/22/2026, 7:09:39 PM  150  OS is linux 6.12.77_1
INFO 3/22/2026, 7:09:39 PM  150  start LM in devVersion=false
DEBUG 3/22/2026, 7:09:39 PM  158  after setting 
INFO 3/22/2026, 7:09:39 PM  158  typora version: 1.12.4
DEBUG 3/22/2026, 7:09:39 PM  159  app.openFile
INFO 3/22/2026, 7:09:39 PM  159  addRecentDocument
INFO 3/22/2026, 7:09:39 PM  164  [watch L]
DEBUG 3/22/2026, 7:09:39 PM  164  prepDatabase /home/dusts/.config/Typora/N2iLKcmZLq
INFO 3/22/2026, 7:09:39 PM  166  no info
INFO 3/22/2026, 7:09:39 PM  166  ls put SLicense
DEBUG 3/22/2026, 7:09:39 PM  166  onUnfillLicense
DEBUG 3/22/2026, 7:09:39 PM  166  trailRemains is 0
INFO 3/22/2026, 7:09:39 PM  166  [L] installDate is 1/23/2026, trail remains: 0 days
DEBUG 3/22/2026, 7:09:39 PM  166  onUnfillLicense
INFO 3/22/2026, 7:09:39 PM  166  [watch L] hasL: false
user-dict.json not found
DEBUG 3/22/2026, 7:09:39 PM  207  added recovery 1 /home/dusts/Videos/YouTube/Notes/Why ADHD Brains Need to Functional Plan_-_Guide_-_Sonnet_4.6.md  (0)
INFO 3/22/2026, 7:09:39 PM  231  [focus] 1
DEBUG 3/22/2026, 7:09:39 PM  232  putAccelerator File -> &File
DEBUG 3/22/2026, 7:09:39 PM  233  putAccelerator Edit -> &Edit
DEBUG 3/22/2026, 7:09:39 PM  233  putAccelerator Paragraph -> &Paragraph
DEBUG 3/22/2026, 7:09:39 PM  234  putAccelerator Format -> F&ormat
DEBUG 3/22/2026, 7:09:39 PM  234  putAccelerator View -> &View
DEBUG 3/22/2026, 7:09:39 PM  234  putAccelerator Themes -> &Themes
DEBUG 3/22/2026, 7:09:39 PM  234  putAccelerator Help -> &Help
INFO 3/22/2026, 7:09:39 PM  286  synced recovery
DEBUG 3/22/2026, 7:09:40 PM  701  onUnfillLicense
ERROR 3/22/2026, 7:09:40 PM  708  Error: net::ERR_FILE_NOT_FOUND
    at SimpleURLLoaderWrapper.<anonymous> (node:electron/js2c/browser_init:2:123516)
    at SimpleURLLoaderWrapper.emit (node:events:518:28)
ERROR 3/22/2026, 7:09:40 PM  709  Error: net::ERR_FILE_NOT_FOUND
    at SimpleURLLoaderWrapper.<anonymous> (node:electron/js2c/browser_init:2:123516)
    at SimpleURLLoaderWrapper.emit (node:events:518:28)
INFO 3/22/2026, 7:09:40 PM  710  handle document.loadData
DEBUG 3/22/2026, 7:09:40 PM  710  document.loadData 0
INFO 3/22/2026, 7:09:40 PM  761  [RenderProcess 1][Log] [UndoManager] reset commandStack
INFO 3/22/2026, 7:09:40 PM  761  [RenderProcess 1][Log] reset NodeMap
INFO 3/22/2026, 7:09:40 PM  762  [RenderProcess 1][Log] readContentFrom /home/dusts/Videos/YouTube/Notes/Why ADHD Brains Need to Functional Plan_-_Guide_-_Sonnet_4.6.md
DEBUG 3/22/2026, 7:09:40 PM  824  added recovery 1 /home/dusts/Videos/YouTube/Notes/Why ADHD Brains Need to Functional Plan_-_Guide_-_Sonnet_4.6.md  (0)
INFO 3/22/2026, 7:09:40 PM  825  synced recovery
INFO 3/22/2026, 7:09:40 PM  893  [RenderProcess 1][Log] onBecomeActive
INFO 3/22/2026, 7:09:40 PM  893  [RenderProcess 1][Log] File.activeWindow = true
INFO 3/22/2026, 7:09:54 PM  14742  synced recovery
INFO 3/22/2026, 7:09:54 PM  14742  ----------------before-quit-----------------
INFO 3/22/2026, 7:09:54 PM  14742  ------------------will-quit------------------
INFO 3/22/2026, 7:09:54 PM  14742  -----------------quit------------------
INFO 3/22/2026, 7:09:54 PM  14742  closeLogging
INFO 3/22/2026, 7:14:14 PM  27  launch with argv [/home/dusts/Applications/Typora-linux-x64/Typora, /home/dusts/Videos/YouTube/Notes/The Fastest Way To Achieve Literally Anything (You'll Never Feel Lost Again).md]
INFO 3/22/2026, 7:14:14 PM  114  ------------------start------------------
DEBUG 3/22/2026, 7:14:14 PM  119  before setting 
DEBUG 3/22/2026, 7:14:14 PM  133  prepDatabase /home/dusts/.config/Typora/profile.data
DEBUG 3/22/2026, 7:14:14 PM  136  prepDatabase /home/dusts/.config/Typora/history.data
INFO 3/22/2026, 7:14:14 PM  138  OS is linux 6.12.77_1
INFO 3/22/2026, 7:14:14 PM  138  start LM in devVersion=false
DEBUG 3/22/2026, 7:14:14 PM  146  after setting 
INFO 3/22/2026, 7:14:14 PM  146  typora version: 1.12.4
DEBUG 3/22/2026, 7:14:14 PM  146  app.openFile
INFO 3/22/2026, 7:14:14 PM  146  addRecentDocument
INFO 3/22/2026, 7:14:14 PM  152  [watch L]
DEBUG 3/22/2026, 7:14:14 PM  152  prepDatabase /home/dusts/.config/Typora/N2iLKcmZLq
INFO 3/22/2026, 7:14:14 PM  155  no info
INFO 3/22/2026, 7:14:14 PM  155  ls put SLicense
DEBUG 3/22/2026, 7:14:14 PM  155  onUnfillLicense
DEBUG 3/22/2026, 7:14:14 PM  155  trailRemains is 0
INFO 3/22/2026, 7:14:14 PM  155  [L] installDate is 1/23/2026, trail remains: 0 days
DEBUG 3/22/2026, 7:14:14 PM  155  onUnfillLicense
INFO 3/22/2026, 7:14:14 PM  155  [watch L] hasL: false
user-dict.json not found
DEBUG 3/22/2026, 7:14:15 PM  196  added recovery 1 /home/dusts/Videos/YouTube/Notes/The Fastest Way To Achieve Literally Anything (You'll Never Feel Lost Again).md  (0)
INFO 3/22/2026, 7:14:15 PM  203  [focus] 1
DEBUG 3/22/2026, 7:14:15 PM  204  putAccelerator File -> &File
DEBUG 3/22/2026, 7:14:15 PM  204  putAccelerator Edit -> &Edit
DEBUG 3/22/2026, 7:14:15 PM  204  putAccelerator Paragraph -> &Paragraph
DEBUG 3/22/2026, 7:14:15 PM  204  putAccelerator Format -> F&ormat
DEBUG 3/22/2026, 7:14:15 PM  205  putAccelerator View -> &View
DEBUG 3/22/2026, 7:14:15 PM  205  putAccelerator Themes -> &Themes
DEBUG 3/22/2026, 7:14:15 PM  205  putAccelerator Help -> &Help
INFO 3/22/2026, 7:14:15 PM  256  synced recovery
DEBUG 3/22/2026, 7:14:15 PM  630  onUnfillLicense
ERROR 3/22/2026, 7:14:15 PM  636  Error: net::ERR_FILE_NOT_FOUND
    at SimpleURLLoaderWrapper.<anonymous> (node:electron/js2c/browser_init:2:123516)
    at SimpleURLLoaderWrapper.emit (node:events:518:28)
INFO 3/22/2026, 7:14:15 PM  639  handle document.loadData
DEBUG 3/22/2026, 7:14:15 PM  639  document.loadData 0
ERROR 3/22/2026, 7:14:15 PM  639  Error: net::ERR_FILE_NOT_FOUND
    at SimpleURLLoaderWrapper.<anonymous> (node:electron/js2c/browser_init:2:123516)
    at SimpleURLLoaderWrapper.emit (node:events:518:28)
INFO 3/22/2026, 7:14:15 PM  661  [RenderProcess 1][Log] [UndoManager] reset commandStack
INFO 3/22/2026, 7:14:15 PM  661  [RenderProcess 1][Log] reset NodeMap
INFO 3/22/2026, 7:14:15 PM  662  [RenderProcess 1][Log] readContentFrom /home/dusts/Videos/YouTube/Notes/The Fastest Way To Achieve Literally Anything (You'll Never Feel Lost Again).md
INFO 3/22/2026, 7:14:15 PM  769  [RenderProcess 1][Log] enter busy mode
DEBUG 3/22/2026, 7:14:15 PM  816  added recovery 1 /home/dusts/Videos/YouTube/Notes/The Fastest Way To Achieve Literally Anything (You'll Never Feel Lost Again).md  (0)
INFO 3/22/2026, 7:14:15 PM  817  synced recovery
INFO 3/22/2026, 7:14:15 PM  853  [RenderProcess 1][Log] onBecomeActive
INFO 3/22/2026, 7:14:15 PM  853  [RenderProcess 1][Log] File.activeWindow = true
INFO 3/22/2026, 7:14:16 PM  1878  synced recovery
INFO 3/22/2026, 7:14:16 PM  1878  ----------------before-quit-----------------
INFO 3/22/2026, 7:14:16 PM  1878  ------------------will-quit------------------
INFO 3/22/2026, 7:14:16 PM  1879  -----------------quit------------------
INFO 3/22/2026, 7:14:16 PM  1879  closeLogging
INFO 3/22/2026, 7:16:11 PM  28  launch with argv [/home/dusts/Applications/Typora-linux-x64/Typora, /home/dusts/Videos/YouTube/Notes/The BEST Productivity Method Ever for ADHD   Interstitial Journaling.md]
INFO 3/22/2026, 7:16:11 PM  123  ------------------start------------------
DEBUG 3/22/2026, 7:16:11 PM  128  before setting 
DEBUG 3/22/2026, 7:16:11 PM  143  prepDatabase /home/dusts/.config/Typora/profile.data
DEBUG 3/22/2026, 7:16:11 PM  145  prepDatabase /home/dusts/.config/Typora/history.data
INFO 3/22/2026, 7:16:11 PM  147  OS is linux 6.12.77_1
INFO 3/22/2026, 7:16:11 PM  147  start LM in devVersion=false
DEBUG 3/22/2026, 7:16:11 PM  156  after setting 
INFO 3/22/2026, 7:16:11 PM  156  typora version: 1.12.4
DEBUG 3/22/2026, 7:16:11 PM  156  app.openFile
INFO 3/22/2026, 7:16:11 PM  157  addRecentDocument
INFO 3/22/2026, 7:16:11 PM  162  [watch L]
DEBUG 3/22/2026, 7:16:11 PM  162  prepDatabase /home/dusts/.config/Typora/N2iLKcmZLq
INFO 3/22/2026, 7:16:11 PM  164  no info
INFO 3/22/2026, 7:16:11 PM  164  ls put SLicense
DEBUG 3/22/2026, 7:16:11 PM  164  onUnfillLicense
DEBUG 3/22/2026, 7:16:11 PM  164  trailRemains is 0
INFO 3/22/2026, 7:16:11 PM  164  [L] installDate is 1/23/2026, trail remains: 0 days
DEBUG 3/22/2026, 7:16:11 PM  164  onUnfillLicense
INFO 3/22/2026, 7:16:11 PM  165  [watch L] hasL: false
user-dict.json not found
DEBUG 3/22/2026, 7:16:11 PM  211  added recovery 1 /home/dusts/Videos/YouTube/Notes/The BEST Productivity Method Ever for ADHD   Interstitial Journaling.md  (0)
INFO 3/22/2026, 7:16:11 PM  218  [focus] 1
DEBUG 3/22/2026, 7:16:11 PM  219  putAccelerator File -> &File
DEBUG 3/22/2026, 7:16:11 PM  219  putAccelerator Edit -> &Edit
DEBUG 3/22/2026, 7:16:11 PM  220  putAccelerator Paragraph -> &Paragraph
DEBUG 3/22/2026, 7:16:11 PM  220  putAccelerator Format -> F&ormat
DEBUG 3/22/2026, 7:16:11 PM  220  putAccelerator View -> &View
DEBUG 3/22/2026, 7:16:11 PM  220  putAccelerator Themes -> &Themes
DEBUG 3/22/2026, 7:16:11 PM  220  putAccelerator Help -> &Help
INFO 3/22/2026, 7:16:11 PM  275  synced recovery
DEBUG 3/22/2026, 7:16:12 PM  667  onUnfillLicense
ERROR 3/22/2026, 7:16:12 PM  675  Error: net::ERR_FILE_NOT_FOUND
    at SimpleURLLoaderWrapper.<anonymous> (node:electron/js2c/browser_init:2:123516)
    at SimpleURLLoaderWrapper.emit (node:events:518:28)
INFO 3/22/2026, 7:16:12 PM  676  handle document.loadData
DEBUG 3/22/2026, 7:16:12 PM  676  document.loadData 0
ERROR 3/22/2026, 7:16:12 PM  676  Error: net::ERR_FILE_NOT_FOUND
    at SimpleURLLoaderWrapper.<anonymous> (node:electron/js2c/browser_init:2:123516)
    at SimpleURLLoaderWrapper.emit (node:events:518:28)
INFO 3/22/2026, 7:16:12 PM  743  [RenderProcess 1][Log] [UndoManager] reset commandStack
INFO 3/22/2026, 7:16:12 PM  743  [RenderProcess 1][Log] reset NodeMap
INFO 3/22/2026, 7:16:12 PM  744  [RenderProcess 1][Log] readContentFrom /home/dusts/Videos/YouTube/Notes/The BEST Productivity Method Ever for ADHD   Interstitial Journaling.md
DEBUG 3/22/2026, 7:16:12 PM  863  added recovery 1 /home/dusts/Videos/YouTube/Notes/The BEST Productivity Method Ever for ADHD   Interstitial Journaling.md  (0)
INFO 3/22/2026, 7:16:12 PM  864  synced recovery
INFO 3/22/2026, 7:16:12 PM  896  [RenderProcess 1][Log] onBecomeActive
INFO 3/22/2026, 7:16:12 PM  896  [RenderProcess 1][Log] File.activeWindow = true
INFO 3/22/2026, 7:16:18 PM  6759  synced recovery
INFO 3/22/2026, 7:16:18 PM  6759  ----------------before-quit-----------------
INFO 3/22/2026, 7:16:18 PM  6759  ------------------will-quit------------------
INFO 3/22/2026, 7:16:18 PM  6759  -----------------quit------------------
INFO 3/22/2026, 7:16:18 PM  6759  closeLogging
INFO 3/22/2026, 7:28:56 PM  27  launch with argv [/home/dusts/Applications/Typora-linux-x64/Typora, /home/dusts/Videos/YouTube/Notes/How To Take Smart Notes (3 methods no one's talking about)_-_Guide_-_Sonnet_4.6.md]
INFO 3/22/2026, 7:28:57 PM  125  ------------------start------------------
DEBUG 3/22/2026, 7:28:57 PM  130  before setting 
DEBUG 3/22/2026, 7:28:57 PM  144  prepDatabase /home/dusts/.config/Typora/profile.data
DEBUG 3/22/2026, 7:28:57 PM  149  prepDatabase /home/dusts/.config/Typora/history.data
INFO 3/22/2026, 7:28:57 PM  152  OS is linux 6.12.77_1
INFO 3/22/2026, 7:28:57 PM  152  start LM in devVersion=false
DEBUG 3/22/2026, 7:28:57 PM  160  after setting 
INFO 3/22/2026, 7:28:57 PM  160  typora version: 1.12.4
DEBUG 3/22/2026, 7:28:57 PM  160  app.openFile
INFO 3/22/2026, 7:28:57 PM  160  addRecentDocument
INFO 3/22/2026, 7:28:57 PM  166  [watch L]
DEBUG 3/22/2026, 7:28:57 PM  166  prepDatabase /home/dusts/.config/Typora/N2iLKcmZLq
INFO 3/22/2026, 7:28:57 PM  167  no info
INFO 3/22/2026, 7:28:57 PM  167  ls put SLicense
DEBUG 3/22/2026, 7:28:57 PM  168  onUnfillLicense
DEBUG 3/22/2026, 7:28:57 PM  168  trailRemains is 0
INFO 3/22/2026, 7:28:57 PM  168  [L] installDate is 1/23/2026, trail remains: 0 days
DEBUG 3/22/2026, 7:28:57 PM  168  onUnfillLicense
INFO 3/22/2026, 7:28:57 PM  168  [watch L] hasL: false
user-dict.json not found
DEBUG 3/22/2026, 7:28:57 PM  207  added recovery 1 /home/dusts/Videos/YouTube/Notes/How To Take Smart Notes (3 methods no one's talking about)_-_Guide_-_Sonnet_4.6.md  (0)
INFO 3/22/2026, 7:28:57 PM  213  [focus] 1
DEBUG 3/22/2026, 7:28:57 PM  214  putAccelerator File -> &File
DEBUG 3/22/2026, 7:28:57 PM  215  putAccelerator Edit -> &Edit
DEBUG 3/22/2026, 7:28:57 PM  215  putAccelerator Paragraph -> &Paragraph
DEBUG 3/22/2026, 7:28:57 PM  215  putAccelerator Format -> F&ormat
DEBUG 3/22/2026, 7:28:57 PM  215  putAccelerator View -> &View
DEBUG 3/22/2026, 7:28:57 PM  215  putAccelerator Themes -> &Themes
DEBUG 3/22/2026, 7:28:57 PM  215  putAccelerator Help -> &Help
INFO 3/22/2026, 7:28:57 PM  268  synced recovery
DEBUG 3/22/2026, 7:28:57 PM  650  onUnfillLicense
ERROR 3/22/2026, 7:28:57 PM  657  Error: net::ERR_FILE_NOT_FOUND
    at SimpleURLLoaderWrapper.<anonymous> (node:electron/js2c/browser_init:2:123516)
    at SimpleURLLoaderWrapper.emit (node:events:518:28)
INFO 3/22/2026, 7:28:57 PM  659  handle document.loadData
DEBUG 3/22/2026, 7:28:57 PM  659  document.loadData 0
ERROR 3/22/2026, 7:28:57 PM  659  Error: net::ERR_FILE_NOT_FOUND
    at SimpleURLLoaderWrapper.<anonymous> (node:electron/js2c/browser_init:2:123516)
    at SimpleURLLoaderWrapper.emit (node:events:518:28)
INFO 3/22/2026, 7:28:57 PM  723  [RenderProcess 1][Log] [UndoManager] reset commandStack
INFO 3/22/2026, 7:28:57 PM  723  [RenderProcess 1][Log] reset NodeMap
INFO 3/22/2026, 7:28:57 PM  724  [RenderProcess 1][Log] readContentFrom /home/dusts/Videos/YouTube/Notes/How To Take Smart Notes (3 methods no one's talking about)_-_Guide_-_Sonnet_4.6.md
DEBUG 3/22/2026, 7:28:57 PM  798  added recovery 1 /home/dusts/Videos/YouTube/Notes/How To Take Smart Notes (3 methods no one's talking about)_-_Guide_-_Sonnet_4.6.md  (0)
INFO 3/22/2026, 7:28:57 PM  800  synced recovery
INFO 3/22/2026, 7:28:57 PM  876  [RenderProcess 1][Log] onBecomeActive
INFO 3/22/2026, 7:28:57 PM  876  [RenderProcess 1][Log] File.activeWindow = true
DEBUG 3/22/2026, 7:29:01 PM  4926  added recovery 1 /home/dusts/Videos/YouTube/Notes/How To Take Smart Notes (3 methods no one's talking about)_-_Guide_-_Sonnet_4.6.md "# How To Take S...ed to produce.
" (9624)
INFO 3/22/2026, 7:29:01 PM  4926  synced recovery
INFO 3/22/2026, 7:29:04 PM  7155  window.File && (function() {
					ClientCommand.zoomIn();
				})();
INFO 3/22/2026, 7:29:05 PM  8854  window.File && (function() {
					ClientCommand.zoomIn();
				})();
ERROR 3/22/2026, 7:29:10 PM  13739  Error: net::ERR_FILE_NOT_FOUND
    at SimpleURLLoaderWrapper.<anonymous> (node:electron/js2c/browser_init:2:123516)
    at SimpleURLLoaderWrapper.emit (node:events:518:28)
ERROR 3/22/2026, 7:29:10 PM  13740  Error: net::ERR_FILE_NOT_FOUND
    at SimpleURLLoaderWrapper.<anonymous> (node:electron/js2c/browser_init:2:123516)
    at SimpleURLLoaderWrapper.emit (node:events:518:28)
INFO 3/22/2026, 7:29:13 PM  16550  window.File && (function() {
					ClientCommand.zoomOut();
				})();
ERROR 3/22/2026, 7:31:47 PM  170489  Error: net::ERR_FILE_NOT_FOUND
    at SimpleURLLoaderWrapper.<anonymous> (node:electron/js2c/browser_init:2:123516)
    at SimpleURLLoaderWrapper.emit (node:events:518:28)
ERROR 3/22/2026, 7:31:47 PM  170489  Error: net::ERR_FILE_NOT_FOUND
    at SimpleURLLoaderWrapper.<anonymous> (node:electron/js2c/browser_init:2:123516)
    at SimpleURLLoaderWrapper.emit (node:events:518:28)
ERROR 3/22/2026, 7:34:41 PM  344765  Error: net::ERR_FILE_NOT_FOUND
    at SimpleURLLoaderWrapper.<anonymous> (node:electron/js2c/browser_init:2:123516)
    at SimpleURLLoaderWrapper.emit (node:events:518:28)
ERROR 3/22/2026, 7:34:41 PM  344766  Error: net::ERR_FILE_NOT_FOUND
    at SimpleURLLoaderWrapper.<anonymous> (node:electron/js2c/browser_init:2:123516)
    at SimpleURLLoaderWrapper.emit (node:events:518:28)
ERROR 3/22/2026, 7:34:53 PM  356469  Error: net::ERR_FILE_NOT_FOUND
    at SimpleURLLoaderWrapper.<anonymous> (node:electron/js2c/browser_init:2:123516)
    at SimpleURLLoaderWrapper.emit (node:events:518:28)
ERROR 3/22/2026, 7:34:53 PM  356469  Error: net::ERR_FILE_NOT_FOUND
    at SimpleURLLoaderWrapper.<anonymous> (node:electron/js2c/browser_init:2:123516)
    at SimpleURLLoaderWrapper.emit (node:events:518:28)
ERROR 3/22/2026, 7:35:01 PM  364860  Error: net::ERR_FILE_NOT_FOUND
    at SimpleURLLoaderWrapper.<anonymous> (node:electron/js2c/browser_init:2:123516)
    at SimpleURLLoaderWrapper.emit (node:events:518:28)
ERROR 3/22/2026, 7:35:01 PM  364860  Error: net::ERR_FILE_NOT_FOUND
    at SimpleURLLoaderWrapper.<anonymous> (node:electron/js2c/browser_init:2:123516)
    at SimpleURLLoaderWrapper.emit (node:events:518:28)
ERROR 3/22/2026, 7:35:10 PM  374073  Error: net::ERR_FILE_NOT_FOUND
    at SimpleURLLoaderWrapper.<anonymous> (node:electron/js2c/browser_init:2:123516)
    at SimpleURLLoaderWrapper.emit (node:events:518:28)
ERROR 3/22/2026, 7:35:10 PM  374074  Error: net::ERR_FILE_NOT_FOUND
    at SimpleURLLoaderWrapper.<anonymous> (node:electron/js2c/browser_init:2:123516)
    at SimpleURLLoaderWrapper.emit (node:events:518:28)
ERROR 3/22/2026, 7:35:17 PM  380220  Error: net::ERR_FILE_NOT_FOUND
    at SimpleURLLoaderWrapper.<anonymous> (node:electron/js2c/browser_init:2:123516)
    at SimpleURLLoaderWrapper.emit (node:events:518:28)
ERROR 3/22/2026, 7:35:17 PM  380220  Error: net::ERR_FILE_NOT_FOUND
    at SimpleURLLoaderWrapper.<anonymous> (node:electron/js2c/browser_init:2:123516)
    at SimpleURLLoaderWrapper.emit (node:events:518:28)
ERROR 3/22/2026, 7:36:09 PM  432284  Error: net::ERR_FILE_NOT_FOUND
    at SimpleURLLoaderWrapper.<anonymous> (node:electron/js2c/browser_init:2:123516)
    at SimpleURLLoaderWrapper.emit (node:events:518:28)
ERROR 3/22/2026, 7:36:09 PM  432284  Error: net::ERR_FILE_NOT_FOUND
    at SimpleURLLoaderWrapper.<anonymous> (node:electron/js2c/browser_init:2:123516)
    at SimpleURLLoaderWrapper.emit (node:events:518:28)
ERROR 3/22/2026, 7:36:11 PM  435009  Error: net::ERR_FILE_NOT_FOUND
    at SimpleURLLoaderWrapper.<anonymous> (node:electron/js2c/browser_init:2:123516)
    at SimpleURLLoaderWrapper.emit (node:events:518:28)
ERROR 3/22/2026, 7:36:11 PM  435009  Error: net::ERR_FILE_NOT_FOUND
    at SimpleURLLoaderWrapper.<anonymous> (node:electron/js2c/browser_init:2:123516)
    at SimpleURLLoaderWrapper.emit (node:events:518:28)
ERROR 3/22/2026, 7:36:14 PM  437419  Error: net::ERR_FILE_NOT_FOUND
    at SimpleURLLoaderWrapper.<anonymous> (node:electron/js2c/browser_init:2:123516)
    at SimpleURLLoaderWrapper.emit (node:events:518:28)
ERROR 3/22/2026, 7:36:14 PM  437420  Error: net::ERR_FILE_NOT_FOUND
    at SimpleURLLoaderWrapper.<anonymous> (node:electron/js2c/browser_init:2:123516)
    at SimpleURLLoaderWrapper.emit (node:events:518:28)
ERROR 3/22/2026, 7:36:32 PM  455657  Error: net::ERR_FILE_NOT_FOUND
    at SimpleURLLoaderWrapper.<anonymous> (node:electron/js2c/browser_init:2:123516)
    at SimpleURLLoaderWrapper.emit (node:events:518:28)
ERROR 3/22/2026, 7:36:32 PM  455657  Error: net::ERR_FILE_NOT_FOUND
    at SimpleURLLoaderWrapper.<anonymous> (node:electron/js2c/browser_init:2:123516)
    at SimpleURLLoaderWrapper.emit (node:events:518:28)
ERROR 3/22/2026, 7:36:37 PM  460352  Error: net::ERR_FILE_NOT_FOUND
    at SimpleURLLoaderWrapper.<anonymous> (node:electron/js2c/browser_init:2:123516)
    at SimpleURLLoaderWrapper.emit (node:events:518:28)
ERROR 3/22/2026, 7:36:37 PM  460352  Error: net::ERR_FILE_NOT_FOUND
    at SimpleURLLoaderWrapper.<anonymous> (node:electron/js2c/browser_init:2:123516)
    at SimpleURLLoaderWrapper.emit (node:events:518:28)
ERROR 3/22/2026, 7:36:59 PM  482663  Error: net::ERR_FILE_NOT_FOUND
    at SimpleURLLoaderWrapper.<anonymous> (node:electron/js2c/browser_init:2:123516)
    at SimpleURLLoaderWrapper.emit (node:events:518:28)
ERROR 3/22/2026, 7:36:59 PM  482663  Error: net::ERR_FILE_NOT_FOUND
    at SimpleURLLoaderWrapper.<anonymous> (node:electron/js2c/browser_init:2:123516)
    at SimpleURLLoaderWrapper.emit (node:events:518:28)
ERROR 3/22/2026, 7:37:07 PM  490920  Error: net::ERR_FILE_NOT_FOUND
    at SimpleURLLoaderWrapper.<anonymous> (node:electron/js2c/browser_init:2:123516)
    at SimpleURLLoaderWrapper.emit (node:events:518:28)
ERROR 3/22/2026, 7:37:07 PM  490920  Error: net::ERR_FILE_NOT_FOUND
    at SimpleURLLoaderWrapper.<anonymous> (node:electron/js2c/browser_init:2:123516)
    at SimpleURLLoaderWrapper.emit (node:events:518:28)
ERROR 3/22/2026, 7:37:19 PM  502556  Error: net::ERR_FILE_NOT_FOUND
    at SimpleURLLoaderWrapper.<anonymous> (node:electron/js2c/browser_init:2:123516)
    at SimpleURLLoaderWrapper.emit (node:events:518:28)
ERROR 3/22/2026, 7:37:19 PM  502556  Error: net::ERR_FILE_NOT_FOUND
    at SimpleURLLoaderWrapper.<anonymous> (node:electron/js2c/browser_init:2:123516)
    at SimpleURLLoaderWrapper.emit (node:events:518:28)
DEBUG 3/22/2026, 7:39:12 PM  615898  added recovery 1 /home/dusts/Videos/YouTube/Notes/How To Take Smart Notes (3 methods no one's talking about)_-_Guide_-_Sonnet_4.6.md "# How To Take S...ed to produce.
" (9626)
INFO 3/22/2026, 7:39:12 PM  615899  synced recovery
DEBUG 3/22/2026, 7:39:16 PM  619373  added recovery 1 /home/dusts/Videos/YouTube/Notes/How To Take Smart Notes (3 methods no one's talking about)_-_Guide_-_Sonnet_4.6.md "# How To Take S...ed to produce.
" (9630)
INFO 3/22/2026, 7:39:16 PM  619373  synced recovery
DEBUG 3/22/2026, 7:39:24 PM  627599  added recovery 1 /home/dusts/Videos/YouTube/Notes/How To Take Smart Notes (3 methods no one's talking about)_-_Guide_-_Sonnet_4.6.md  (0)
INFO 3/22/2026, 7:39:24 PM  627600  synced recovery
ERROR 3/22/2026, 7:40:09 PM  672752  Error: net::ERR_FILE_NOT_FOUND
    at SimpleURLLoaderWrapper.<anonymous> (node:electron/js2c/browser_init:2:123516)
    at SimpleURLLoaderWrapper.emit (node:events:518:28)
ERROR 3/22/2026, 7:40:09 PM  672752  Error: net::ERR_FILE_NOT_FOUND
    at SimpleURLLoaderWrapper.<anonymous> (node:electron/js2c/browser_init:2:123516)
    at SimpleURLLoaderWrapper.emit (node:events:518:28)
ERROR 3/22/2026, 7:40:20 PM  684078  Error: net::ERR_FILE_NOT_FOUND
    at SimpleURLLoaderWrapper.<anonymous> (node:electron/js2c/browser_init:2:123516)
    at SimpleURLLoaderWrapper.emit (node:events:518:28)
ERROR 3/22/2026, 7:40:20 PM  684079  Error: net::ERR_FILE_NOT_FOUND
    at SimpleURLLoaderWrapper.<anonymous> (node:electron/js2c/browser_init:2:123516)
    at SimpleURLLoaderWrapper.emit (node:events:518:28)
INFO 3/22/2026, 7:41:01 PM  724300  synced recovery
INFO 3/22/2026, 7:41:01 PM  724300  ----------------before-quit-----------------
INFO 3/22/2026, 7:41:01 PM  724300  ------------------will-quit------------------
INFO 3/22/2026, 7:41:01 PM  724301  -----------------quit------------------
INFO 3/22/2026, 7:41:01 PM  724301  closeLogging
INFO 3/22/2026, 7:41:18 PM  27  launch with argv [/home/dusts/Applications/Typora-linux-x64/Typora, /home/dusts/Videos/YouTube/Notes/The Fastest Way To Achieve Literally Anything (You'll Never Feel Lost Again)_-_Guide_-_Sonnet_4.6.md]
INFO 3/22/2026, 7:41:18 PM  120  ------------------start------------------
DEBUG 3/22/2026, 7:41:18 PM  126  before setting 
DEBUG 3/22/2026, 7:41:18 PM  139  prepDatabase /home/dusts/.config/Typora/profile.data
DEBUG 3/22/2026, 7:41:18 PM  142  prepDatabase /home/dusts/.config/Typora/history.data
INFO 3/22/2026, 7:41:18 PM  144  OS is linux 6.12.77_1
INFO 3/22/2026, 7:41:18 PM  144  start LM in devVersion=false
DEBUG 3/22/2026, 7:41:18 PM  152  after setting 
INFO 3/22/2026, 7:41:18 PM  152  typora version: 1.12.4
DEBUG 3/22/2026, 7:41:18 PM  152  app.openFile
INFO 3/22/2026, 7:41:18 PM  152  addRecentDocument
INFO 3/22/2026, 7:41:18 PM  157  [watch L]
DEBUG 3/22/2026, 7:41:18 PM  158  prepDatabase /home/dusts/.config/Typora/N2iLKcmZLq
INFO 3/22/2026, 7:41:18 PM  159  no info
INFO 3/22/2026, 7:41:18 PM  159  ls put SLicense
DEBUG 3/22/2026, 7:41:18 PM  159  onUnfillLicense
DEBUG 3/22/2026, 7:41:18 PM  160  trailRemains is 0
INFO 3/22/2026, 7:41:18 PM  160  [L] installDate is 1/23/2026, trail remains: 0 days
DEBUG 3/22/2026, 7:41:18 PM  160  onUnfillLicense
INFO 3/22/2026, 7:41:18 PM  160  [watch L] hasL: false
user-dict.json not found
DEBUG 3/22/2026, 7:41:18 PM  210  added recovery 1 /home/dusts/Videos/YouTube/Notes/The Fastest Way To Achieve Literally Anything (You'll Never Feel Lost Again)_-_Guide_-_Sonnet_4.6.md  (0)
INFO 3/22/2026, 7:41:18 PM  225  [focus] 1
DEBUG 3/22/2026, 7:41:18 PM  226  putAccelerator File -> &File
DEBUG 3/22/2026, 7:41:18 PM  226  putAccelerator Edit -> &Edit
DEBUG 3/22/2026, 7:41:18 PM  226  putAccelerator Paragraph -> &Paragraph
DEBUG 3/22/2026, 7:41:18 PM  227  putAccelerator Format -> F&ormat
DEBUG 3/22/2026, 7:41:18 PM  227  putAccelerator View -> &View
DEBUG 3/22/2026, 7:41:18 PM  227  putAccelerator Themes -> &Themes
DEBUG 3/22/2026, 7:41:18 PM  227  putAccelerator Help -> &Help
INFO 3/22/2026, 7:41:18 PM  283  synced recovery
INFO 3/22/2026, 7:41:18 PM  416  [blur] 1
INFO 3/22/2026, 7:41:18 PM  417  [win] blur
INFO 3/22/2026, 7:41:18 PM  417  [focus] 2
DEBUG 3/22/2026, 7:41:18 PM  649  onUnfillLicense
ERROR 3/22/2026, 7:41:18 PM  658  Error: net::ERR_FILE_NOT_FOUND
    at SimpleURLLoaderWrapper.<anonymous> (node:electron/js2c/browser_init:2:123516)
    at SimpleURLLoaderWrapper.emit (node:events:518:28)
ERROR 3/22/2026, 7:41:18 PM  659  Error: net::ERR_FILE_NOT_FOUND
    at SimpleURLLoaderWrapper.<anonymous> (node:electron/js2c/browser_init:2:123516)
    at SimpleURLLoaderWrapper.emit (node:events:518:28)
INFO 3/22/2026, 7:41:18 PM  660  handle document.loadData
DEBUG 3/22/2026, 7:41:18 PM  660  document.loadData 0
INFO 3/22/2026, 7:41:19 PM  741  [RenderProcess 1][Log] [UndoManager] reset commandStack
INFO 3/22/2026, 7:41:19 PM  741  [RenderProcess 1][Log] reset NodeMap
INFO 3/22/2026, 7:41:19 PM  741  [RenderProcess 1][Log] readContentFrom /home/dusts/Videos/YouTube/Notes/The Fastest Way To Achieve Literally Anything (You'll Never Feel Lost Again)_-_Guide_-_Sonnet_4.6.md
DEBUG 3/22/2026, 7:41:19 PM  814  added recovery 1 /home/dusts/Videos/YouTube/Notes/The Fastest Way To Achieve Literally Anything (You'll Never Feel Lost Again)_-_Guide_-_Sonnet_4.6.md  (0)
INFO 3/22/2026, 7:41:19 PM  815  synced recovery
INFO 3/22/2026, 7:41:19 PM  882  [blur] 2
INFO 3/22/2026, 7:41:19 PM  882  [focus] 1
INFO 3/22/2026, 7:41:19 PM  891  [RenderProcess 1][Log] onBecomeActive
INFO 3/22/2026, 7:41:19 PM  891  [RenderProcess 1][Log] File.activeWindow = true
INFO 3/22/2026, 7:41:19 PM  1227  [blur] 1
INFO 3/22/2026, 7:41:19 PM  1227  [win] blur
INFO 3/22/2026, 7:41:19 PM  1251  [focus] 2
INFO 3/22/2026, 7:41:20 PM  2399  [focus] 1
DEBUG 3/22/2026, 7:45:21 PM  243156  added recovery 1 /home/dusts/Videos/YouTube/Notes/The Fastest Way To Achieve Literally Anything (You'll Never Feel Lost Again)_-_Guide_-_Sonnet_4.6.md "# The Fastest W...ly amplified._
" (15900)
INFO 3/22/2026, 7:45:21 PM  243157  synced recovery
INFO 3/22/2026, 7:45:22 PM  243839  [blur] 1
INFO 3/22/2026, 7:45:22 PM  243839  [win] blur
INFO 3/22/2026, 7:45:32 PM  253908  [focus] 1
INFO 3/22/2026, 7:45:32 PM  254481  [blur] 1
INFO 3/22/2026, 7:45:32 PM  254481  [win] blur
INFO 3/22/2026, 7:46:39 PM  320836  [focus] 1
INFO 3/22/2026, 7:46:39 PM  321332  [blur] 1
INFO 3/22/2026, 7:46:39 PM  321332  [win] blur
INFO 3/22/2026, 7:46:42 PM  323839  [focus] 1
INFO 3/22/2026, 7:46:42 PM  324289  [blur] 1
INFO 3/22/2026, 7:46:42 PM  324289  [win] blur
INFO 3/22/2026, 7:48:11 PM  412864  [focus] 1
INFO 3/22/2026, 7:48:11 PM  413327  [blur] 1
INFO 3/22/2026, 7:48:11 PM  413327  [win] blur
INFO 3/22/2026, 8:15:11 PM  2033117  [focus] 1
INFO 3/22/2026, 8:15:20 PM  2042505  synced recovery
INFO 3/22/2026, 8:15:20 PM  2042505  ----------------before-quit-----------------
INFO 3/22/2026, 8:15:20 PM  2042505  ------------------will-quit------------------
INFO 3/22/2026, 8:15:20 PM  2042506  -----------------quit------------------
INFO 3/22/2026, 8:15:20 PM  2042506  closeLogging
INFO 3/24/2026, 6:07:06 AM  36  launch with argv [/home/dusts/Applications/Typora-linux-x64/Typora, /home/dusts/Videos/YouTube/How to Research Any Topic - Deep-Dive like a PhD Student_-_Guide_-_Sonnet_4.6.md]
INFO 3/24/2026, 6:07:06 AM  145  ------------------start------------------
DEBUG 3/24/2026, 6:07:06 AM  160  before setting 
DEBUG 3/24/2026, 6:07:06 AM  175  prepDatabase /home/dusts/.config/Typora/profile.data
DEBUG 3/24/2026, 6:07:06 AM  178  prepDatabase /home/dusts/.config/Typora/history.data
INFO 3/24/2026, 6:07:06 AM  181  OS is linux 6.12.77_1
INFO 3/24/2026, 6:07:06 AM  181  start LM in devVersion=false
DEBUG 3/24/2026, 6:07:06 AM  189  after setting 
INFO 3/24/2026, 6:07:06 AM  189  typora version: 1.12.4
DEBUG 3/24/2026, 6:07:06 AM  190  app.openFile
INFO 3/24/2026, 6:07:06 AM  190  addRecentDocument
DEBUG 3/24/2026, 6:07:06 AM  246  added recovery 1 /home/dusts/Videos/YouTube/How to Research Any Topic - Deep-Dive like a PhD Student_-_Guide_-_Sonnet_4.6.md  (0)
INFO 3/24/2026, 6:07:06 AM  251  [watch L]
DEBUG 3/24/2026, 6:07:06 AM  251  prepDatabase /home/dusts/.config/Typora/N2iLKcmZLq
INFO 3/24/2026, 6:07:06 AM  256  no info
INFO 3/24/2026, 6:07:06 AM  256  ls put SLicense
DEBUG 3/24/2026, 6:07:06 AM  256  onUnfillLicense
DEBUG 3/24/2026, 6:07:06 AM  256  trailRemains is 0
INFO 3/24/2026, 6:07:06 AM  256  [L] installDate is 1/23/2026, trail remains: 0 days
DEBUG 3/24/2026, 6:07:06 AM  256  onUnfillLicense
INFO 3/24/2026, 6:07:06 AM  267  [watch L] hasL: false
user-dict.json not found
INFO 3/24/2026, 6:07:06 AM  280  [focus] 1
DEBUG 3/24/2026, 6:07:06 AM  320  putAccelerator File -> &File
DEBUG 3/24/2026, 6:07:06 AM  321  putAccelerator Edit -> &Edit
DEBUG 3/24/2026, 6:07:06 AM  321  putAccelerator Paragraph -> &Paragraph
DEBUG 3/24/2026, 6:07:06 AM  321  putAccelerator Format -> F&ormat
DEBUG 3/24/2026, 6:07:06 AM  321  putAccelerator View -> &View
DEBUG 3/24/2026, 6:07:06 AM  321  putAccelerator Themes -> &Themes
DEBUG 3/24/2026, 6:07:06 AM  321  putAccelerator Help -> &Help
INFO 3/24/2026, 6:07:06 AM  341  synced recovery
INFO 3/24/2026, 6:07:06 AM  474  [blur] 1
INFO 3/24/2026, 6:07:06 AM  474  [win] blur
INFO 3/24/2026, 6:07:06 AM  474  [focus] 2
DEBUG 3/24/2026, 6:07:06 AM  738  onUnfillLicense
ERROR 3/24/2026, 6:07:06 AM  744  Error: net::ERR_FILE_NOT_FOUND
    at SimpleURLLoaderWrapper.<anonymous> (node:electron/js2c/browser_init:2:123516)
    at SimpleURLLoaderWrapper.emit (node:events:518:28)
ERROR 3/24/2026, 6:07:06 AM  746  Error: net::ERR_FILE_NOT_FOUND
    at SimpleURLLoaderWrapper.<anonymous> (node:electron/js2c/browser_init:2:123516)
    at SimpleURLLoaderWrapper.emit (node:events:518:28)
INFO 3/24/2026, 6:07:06 AM  747  handle document.loadData
DEBUG 3/24/2026, 6:07:06 AM  747  document.loadData 0
INFO 3/24/2026, 6:07:06 AM  826  [RenderProcess 1][Log] [UndoManager] reset commandStack
INFO 3/24/2026, 6:07:06 AM  826  [RenderProcess 1][Log] reset NodeMap
INFO 3/24/2026, 6:07:06 AM  827  [RenderProcess 1][Log] readContentFrom /home/dusts/Videos/YouTube/How to Research Any Topic - Deep-Dive like a PhD Student_-_Guide_-_Sonnet_4.6.md
DEBUG 3/24/2026, 6:07:07 AM  900  added recovery 1 /home/dusts/Videos/YouTube/How to Research Any Topic - Deep-Dive like a PhD Student_-_Guide_-_Sonnet_4.6.md  (0)
INFO 3/24/2026, 6:07:07 AM  901  synced recovery
INFO 3/24/2026, 6:07:07 AM  956  [blur] 2
INFO 3/24/2026, 6:07:07 AM  956  [focus] 1
INFO 3/24/2026, 6:07:07 AM  963  [RenderProcess 1][Log] onBecomeActive
INFO 3/24/2026, 6:07:07 AM  963  [RenderProcess 1][Log] File.activeWindow = true
INFO 3/24/2026, 6:07:08 AM  2516  [blur] 1
INFO 3/24/2026, 6:07:08 AM  2516  [win] blur
DEBUG 3/24/2026, 6:07:08 AM  2521  added recovery 1 /home/dusts/Videos/YouTube/How to Research Any Topic - Deep-Dive like a PhD Student_-_Guide_-_Sonnet_4.6.md "# How to Resear...ginal length) 
" (12880)
INFO 3/24/2026, 6:07:08 AM  2522  synced recovery
INFO 3/24/2026, 6:07:08 AM  2799  [focus] 2
INFO 3/24/2026, 6:07:11 AM  5214  [focus] 1
ERROR 3/24/2026, 6:16:35 AM  569385  Error: net::ERR_FILE_NOT_FOUND
    at SimpleURLLoaderWrapper.<anonymous> (node:electron/js2c/browser_init:2:123516)
    at SimpleURLLoaderWrapper.emit (node:events:518:28)
ERROR 3/24/2026, 6:16:35 AM  569386  Error: net::ERR_FILE_NOT_FOUND
    at SimpleURLLoaderWrapper.<anonymous> (node:electron/js2c/browser_init:2:123516)
    at SimpleURLLoaderWrapper.emit (node:events:518:28)
ERROR 3/24/2026, 6:16:55 AM  588974  Error: net::ERR_FILE_NOT_FOUND
    at SimpleURLLoaderWrapper.<anonymous> (node:electron/js2c/browser_init:2:123516)
    at SimpleURLLoaderWrapper.emit (node:events:518:28)
ERROR 3/24/2026, 6:16:55 AM  588974  Error: net::ERR_FILE_NOT_FOUND
    at SimpleURLLoaderWrapper.<anonymous> (node:electron/js2c/browser_init:2:123516)
    at SimpleURLLoaderWrapper.emit (node:events:518:28)
ERROR 3/24/2026, 6:17:23 AM  617602  Error: net::ERR_FILE_NOT_FOUND
    at SimpleURLLoaderWrapper.<anonymous> (node:electron/js2c/browser_init:2:123516)
    at SimpleURLLoaderWrapper.emit (node:events:518:28)
ERROR 3/24/2026, 6:17:23 AM  617603  Error: net::ERR_FILE_NOT_FOUND
    at SimpleURLLoaderWrapper.<anonymous> (node:electron/js2c/browser_init:2:123516)
    at SimpleURLLoaderWrapper.emit (node:events:518:28)
ERROR 3/24/2026, 6:17:33 AM  627748  Error: net::ERR_FILE_NOT_FOUND
    at SimpleURLLoaderWrapper.<anonymous> (node:electron/js2c/browser_init:2:123516)
    at SimpleURLLoaderWrapper.emit (node:events:518:28)
ERROR 3/24/2026, 6:17:33 AM  627749  Error: net::ERR_FILE_NOT_FOUND
    at SimpleURLLoaderWrapper.<anonymous> (node:electron/js2c/browser_init:2:123516)
    at SimpleURLLoaderWrapper.emit (node:events:518:28)
ERROR 3/24/2026, 6:17:38 AM  632294  Error: net::ERR_FILE_NOT_FOUND
    at SimpleURLLoaderWrapper.<anonymous> (node:electron/js2c/browser_init:2:123516)
    at SimpleURLLoaderWrapper.emit (node:events:518:28)
ERROR 3/24/2026, 6:17:38 AM  632294  Error: net::ERR_FILE_NOT_FOUND
    at SimpleURLLoaderWrapper.<anonymous> (node:electron/js2c/browser_init:2:123516)
    at SimpleURLLoaderWrapper.emit (node:events:518:28)
ERROR 3/24/2026, 6:17:44 AM  638501  Error: net::ERR_FILE_NOT_FOUND
    at SimpleURLLoaderWrapper.<anonymous> (node:electron/js2c/browser_init:2:123516)
    at SimpleURLLoaderWrapper.emit (node:events:518:28)
ERROR 3/24/2026, 6:17:44 AM  638501  Error: net::ERR_FILE_NOT_FOUND
    at SimpleURLLoaderWrapper.<anonymous> (node:electron/js2c/browser_init:2:123516)
    at SimpleURLLoaderWrapper.emit (node:events:518:28)
ERROR 3/24/2026, 6:18:01 AM  655761  Error: net::ERR_FILE_NOT_FOUND
    at SimpleURLLoaderWrapper.<anonymous> (node:electron/js2c/browser_init:2:123516)
    at SimpleURLLoaderWrapper.emit (node:events:518:28)
ERROR 3/24/2026, 6:18:01 AM  655761  Error: net::ERR_FILE_NOT_FOUND
    at SimpleURLLoaderWrapper.<anonymous> (node:electron/js2c/browser_init:2:123516)
    at SimpleURLLoaderWrapper.emit (node:events:518:28)
ERROR 3/24/2026, 6:18:06 AM  660651  Error: net::ERR_FILE_NOT_FOUND
    at SimpleURLLoaderWrapper.<anonymous> (node:electron/js2c/browser_init:2:123516)
    at SimpleURLLoaderWrapper.emit (node:events:518:28)
ERROR 3/24/2026, 6:18:06 AM  660652  Error: net::ERR_FILE_NOT_FOUND
    at SimpleURLLoaderWrapper.<anonymous> (node:electron/js2c/browser_init:2:123516)
    at SimpleURLLoaderWrapper.emit (node:events:518:28)
ERROR 3/24/2026, 6:18:10 AM  663975  Error: net::ERR_FILE_NOT_FOUND
    at SimpleURLLoaderWrapper.<anonymous> (node:electron/js2c/browser_init:2:123516)
    at SimpleURLLoaderWrapper.emit (node:events:518:28)
ERROR 3/24/2026, 6:18:10 AM  663975  Error: net::ERR_FILE_NOT_FOUND
    at SimpleURLLoaderWrapper.<anonymous> (node:electron/js2c/browser_init:2:123516)
    at SimpleURLLoaderWrapper.emit (node:events:518:28)
ERROR 3/24/2026, 6:18:14 AM  668432  Error: net::ERR_FILE_NOT_FOUND
    at SimpleURLLoaderWrapper.<anonymous> (node:electron/js2c/browser_init:2:123516)
    at SimpleURLLoaderWrapper.emit (node:events:518:28)
ERROR 3/24/2026, 6:18:14 AM  668433  Error: net::ERR_FILE_NOT_FOUND
    at SimpleURLLoaderWrapper.<anonymous> (node:electron/js2c/browser_init:2:123516)
    at SimpleURLLoaderWrapper.emit (node:events:518:28)
ERROR 3/24/2026, 6:18:29 AM  683566  Error: net::ERR_FILE_NOT_FOUND
    at SimpleURLLoaderWrapper.<anonymous> (node:electron/js2c/browser_init:2:123516)
    at SimpleURLLoaderWrapper.emit (node:events:518:28)
ERROR 3/24/2026, 6:18:29 AM  683566  Error: net::ERR_FILE_NOT_FOUND
    at SimpleURLLoaderWrapper.<anonymous> (node:electron/js2c/browser_init:2:123516)
    at SimpleURLLoaderWrapper.emit (node:events:518:28)
ERROR 3/24/2026, 6:18:41 AM  694958  Error: net::ERR_FILE_NOT_FOUND
    at SimpleURLLoaderWrapper.<anonymous> (node:electron/js2c/browser_init:2:123516)
    at SimpleURLLoaderWrapper.emit (node:events:518:28)
ERROR 3/24/2026, 6:18:41 AM  694958  Error: net::ERR_FILE_NOT_FOUND
    at SimpleURLLoaderWrapper.<anonymous> (node:electron/js2c/browser_init:2:123516)
    at SimpleURLLoaderWrapper.emit (node:events:518:28)
ERROR 3/24/2026, 6:18:47 AM  701577  Error: net::ERR_FILE_NOT_FOUND
    at SimpleURLLoaderWrapper.<anonymous> (node:electron/js2c/browser_init:2:123516)
    at SimpleURLLoaderWrapper.emit (node:events:518:28)
ERROR 3/24/2026, 6:18:47 AM  701577  Error: net::ERR_FILE_NOT_FOUND
    at SimpleURLLoaderWrapper.<anonymous> (node:electron/js2c/browser_init:2:123516)
    at SimpleURLLoaderWrapper.emit (node:events:518:28)
ERROR 3/24/2026, 6:18:53 AM  707571  Error: net::ERR_FILE_NOT_FOUND
    at SimpleURLLoaderWrapper.<anonymous> (node:electron/js2c/browser_init:2:123516)
    at SimpleURLLoaderWrapper.emit (node:events:518:28)
ERROR 3/24/2026, 6:18:53 AM  707572  Error: net::ERR_FILE_NOT_FOUND
    at SimpleURLLoaderWrapper.<anonymous> (node:electron/js2c/browser_init:2:123516)
    at SimpleURLLoaderWrapper.emit (node:events:518:28)
ERROR 3/24/2026, 6:18:56 AM  710623  Error: net::ERR_FILE_NOT_FOUND
    at SimpleURLLoaderWrapper.<anonymous> (node:electron/js2c/browser_init:2:123516)
    at SimpleURLLoaderWrapper.emit (node:events:518:28)
ERROR 3/24/2026, 6:18:56 AM  710624  Error: net::ERR_FILE_NOT_FOUND
    at SimpleURLLoaderWrapper.<anonymous> (node:electron/js2c/browser_init:2:123516)
    at SimpleURLLoaderWrapper.emit (node:events:518:28)
ERROR 3/24/2026, 6:19:09 AM  723468  Error: net::ERR_FILE_NOT_FOUND
    at SimpleURLLoaderWrapper.<anonymous> (node:electron/js2c/browser_init:2:123516)
    at SimpleURLLoaderWrapper.emit (node:events:518:28)
ERROR 3/24/2026, 6:19:09 AM  723468  Error: net::ERR_FILE_NOT_FOUND
    at SimpleURLLoaderWrapper.<anonymous> (node:electron/js2c/browser_init:2:123516)
    at SimpleURLLoaderWrapper.emit (node:events:518:28)
ERROR 3/24/2026, 6:19:12 AM  726311  Error: net::ERR_FILE_NOT_FOUND
    at SimpleURLLoaderWrapper.<anonymous> (node:electron/js2c/browser_init:2:123516)
    at SimpleURLLoaderWrapper.emit (node:events:518:28)
ERROR 3/24/2026, 6:19:12 AM  726311  Error: net::ERR_FILE_NOT_FOUND
    at SimpleURLLoaderWrapper.<anonymous> (node:electron/js2c/browser_init:2:123516)
    at SimpleURLLoaderWrapper.emit (node:events:518:28)
ERROR 3/24/2026, 6:19:26 AM  740712  Error: net::ERR_FILE_NOT_FOUND
    at SimpleURLLoaderWrapper.<anonymous> (node:electron/js2c/browser_init:2:123516)
    at SimpleURLLoaderWrapper.emit (node:events:518:28)
ERROR 3/24/2026, 6:19:26 AM  740713  Error: net::ERR_FILE_NOT_FOUND
    at SimpleURLLoaderWrapper.<anonymous> (node:electron/js2c/browser_init:2:123516)
    at SimpleURLLoaderWrapper.emit (node:events:518:28)
ERROR 3/24/2026, 6:19:33 AM  747015  Error: net::ERR_FILE_NOT_FOUND
    at SimpleURLLoaderWrapper.<anonymous> (node:electron/js2c/browser_init:2:123516)
    at SimpleURLLoaderWrapper.emit (node:events:518:28)
ERROR 3/24/2026, 6:19:33 AM  747015  Error: net::ERR_FILE_NOT_FOUND
    at SimpleURLLoaderWrapper.<anonymous> (node:electron/js2c/browser_init:2:123516)
    at SimpleURLLoaderWrapper.emit (node:events:518:28)
ERROR 3/24/2026, 6:19:39 AM  753589  Error: net::ERR_FILE_NOT_FOUND
    at SimpleURLLoaderWrapper.<anonymous> (node:electron/js2c/browser_init:2:123516)
    at SimpleURLLoaderWrapper.emit (node:events:518:28)
ERROR 3/24/2026, 6:19:39 AM  753589  Error: net::ERR_FILE_NOT_FOUND
    at SimpleURLLoaderWrapper.<anonymous> (node:electron/js2c/browser_init:2:123516)
    at SimpleURLLoaderWrapper.emit (node:events:518:28)
ERROR 3/24/2026, 6:19:43 AM  757171  Error: net::ERR_FILE_NOT_FOUND
    at SimpleURLLoaderWrapper.<anonymous> (node:electron/js2c/browser_init:2:123516)
    at SimpleURLLoaderWrapper.emit (node:events:518:28)
ERROR 3/24/2026, 6:19:43 AM  757172  Error: net::ERR_FILE_NOT_FOUND
    at SimpleURLLoaderWrapper.<anonymous> (node:electron/js2c/browser_init:2:123516)
    at SimpleURLLoaderWrapper.emit (node:events:518:28)
ERROR 3/24/2026, 6:19:53 AM  766862  Error: net::ERR_FILE_NOT_FOUND
    at SimpleURLLoaderWrapper.<anonymous> (node:electron/js2c/browser_init:2:123516)
    at SimpleURLLoaderWrapper.emit (node:events:518:28)
ERROR 3/24/2026, 6:19:53 AM  766862  Error: net::ERR_FILE_NOT_FOUND
    at SimpleURLLoaderWrapper.<anonymous> (node:electron/js2c/browser_init:2:123516)
    at SimpleURLLoaderWrapper.emit (node:events:518:28)
ERROR 3/24/2026, 6:20:13 AM  787520  Error: net::ERR_FILE_NOT_FOUND
    at SimpleURLLoaderWrapper.<anonymous> (node:electron/js2c/browser_init:2:123516)
    at SimpleURLLoaderWrapper.emit (node:events:518:28)
ERROR 3/24/2026, 6:20:13 AM  787521  Error: net::ERR_FILE_NOT_FOUND
    at SimpleURLLoaderWrapper.<anonymous> (node:electron/js2c/browser_init:2:123516)
    at SimpleURLLoaderWrapper.emit (node:events:518:28)
ERROR 3/24/2026, 6:20:24 AM  797968  Error: net::ERR_FILE_NOT_FOUND
    at SimpleURLLoaderWrapper.<anonymous> (node:electron/js2c/browser_init:2:123516)
    at SimpleURLLoaderWrapper.emit (node:events:518:28)
ERROR 3/24/2026, 6:20:24 AM  797969  Error: net::ERR_FILE_NOT_FOUND
    at SimpleURLLoaderWrapper.<anonymous> (node:electron/js2c/browser_init:2:123516)
    at SimpleURLLoaderWrapper.emit (node:events:518:28)
ERROR 3/24/2026, 6:20:38 AM  812265  Error: net::ERR_FILE_NOT_FOUND
    at SimpleURLLoaderWrapper.<anonymous> (node:electron/js2c/browser_init:2:123516)
    at SimpleURLLoaderWrapper.emit (node:events:518:28)
ERROR 3/24/2026, 6:20:38 AM  812265  Error: net::ERR_FILE_NOT_FOUND
    at SimpleURLLoaderWrapper.<anonymous> (node:electron/js2c/browser_init:2:123516)
    at SimpleURLLoaderWrapper.emit (node:events:518:28)
ERROR 3/24/2026, 6:20:47 AM  821183  Error: net::ERR_FILE_NOT_FOUND
    at SimpleURLLoaderWrapper.<anonymous> (node:electron/js2c/browser_init:2:123516)
    at SimpleURLLoaderWrapper.emit (node:events:518:28)
ERROR 3/24/2026, 6:20:47 AM  821184  Error: net::ERR_FILE_NOT_FOUND
    at SimpleURLLoaderWrapper.<anonymous> (node:electron/js2c/browser_init:2:123516)
    at SimpleURLLoaderWrapper.emit (node:events:518:28)
ERROR 3/24/2026, 6:20:56 AM  830052  Error: net::ERR_FILE_NOT_FOUND
    at SimpleURLLoaderWrapper.<anonymous> (node:electron/js2c/browser_init:2:123516)
    at SimpleURLLoaderWrapper.emit (node:events:518:28)
ERROR 3/24/2026, 6:20:56 AM  830052  Error: net::ERR_FILE_NOT_FOUND
    at SimpleURLLoaderWrapper.<anonymous> (node:electron/js2c/browser_init:2:123516)
    at SimpleURLLoaderWrapper.emit (node:events:518:28)
ERROR 3/24/2026, 6:21:13 AM  847259  Error: net::ERR_FILE_NOT_FOUND
    at SimpleURLLoaderWrapper.<anonymous> (node:electron/js2c/browser_init:2:123516)
    at SimpleURLLoaderWrapper.emit (node:events:518:28)
ERROR 3/24/2026, 6:21:13 AM  847259  Error: net::ERR_FILE_NOT_FOUND
    at SimpleURLLoaderWrapper.<anonymous> (node:electron/js2c/browser_init:2:123516)
    at SimpleURLLoaderWrapper.emit (node:events:518:28)
ERROR 3/24/2026, 6:22:08 AM  902133  Error: net::ERR_FILE_NOT_FOUND
    at SimpleURLLoaderWrapper.<anonymous> (node:electron/js2c/browser_init:2:123516)
    at SimpleURLLoaderWrapper.emit (node:events:518:28)
ERROR 3/24/2026, 6:22:08 AM  902133  Error: net::ERR_FILE_NOT_FOUND
    at SimpleURLLoaderWrapper.<anonymous> (node:electron/js2c/browser_init:2:123516)
    at SimpleURLLoaderWrapper.emit (node:events:518:28)
ERROR 3/24/2026, 6:22:11 AM  905384  Error: net::ERR_FILE_NOT_FOUND
    at SimpleURLLoaderWrapper.<anonymous> (node:electron/js2c/browser_init:2:123516)
    at SimpleURLLoaderWrapper.emit (node:events:518:28)
ERROR 3/24/2026, 6:22:11 AM  905385  Error: net::ERR_FILE_NOT_FOUND
    at SimpleURLLoaderWrapper.<anonymous> (node:electron/js2c/browser_init:2:123516)
    at SimpleURLLoaderWrapper.emit (node:events:518:28)
ERROR 3/24/2026, 6:22:19 AM  912916  Error: net::ERR_FILE_NOT_FOUND
    at SimpleURLLoaderWrapper.<anonymous> (node:electron/js2c/browser_init:2:123516)
    at SimpleURLLoaderWrapper.emit (node:events:518:28)
ERROR 3/24/2026, 6:22:19 AM  912917  Error: net::ERR_FILE_NOT_FOUND
    at SimpleURLLoaderWrapper.<anonymous> (node:electron/js2c/browser_init:2:123516)
    at SimpleURLLoaderWrapper.emit (node:events:518:28)
ERROR 3/24/2026, 6:22:30 AM  923904  Error: net::ERR_FILE_NOT_FOUND
    at SimpleURLLoaderWrapper.<anonymous> (node:electron/js2c/browser_init:2:123516)
    at SimpleURLLoaderWrapper.emit (node:events:518:28)
ERROR 3/24/2026, 6:22:30 AM  923905  Error: net::ERR_FILE_NOT_FOUND
    at SimpleURLLoaderWrapper.<anonymous> (node:electron/js2c/browser_init:2:123516)
    at SimpleURLLoaderWrapper.emit (node:events:518:28)
ERROR 3/24/2026, 6:22:33 AM  927714  Error: net::ERR_FILE_NOT_FOUND
    at SimpleURLLoaderWrapper.<anonymous> (node:electron/js2c/browser_init:2:123516)
    at SimpleURLLoaderWrapper.emit (node:events:518:28)
ERROR 3/24/2026, 6:22:33 AM  927714  Error: net::ERR_FILE_NOT_FOUND
    at SimpleURLLoaderWrapper.<anonymous> (node:electron/js2c/browser_init:2:123516)
    at SimpleURLLoaderWrapper.emit (node:events:518:28)
ERROR 3/24/2026, 6:22:47 AM  941764  Error: net::ERR_FILE_NOT_FOUND
    at SimpleURLLoaderWrapper.<anonymous> (node:electron/js2c/browser_init:2:123516)
    at SimpleURLLoaderWrapper.emit (node:events:518:28)
ERROR 3/24/2026, 6:22:47 AM  941764  Error: net::ERR_FILE_NOT_FOUND
    at SimpleURLLoaderWrapper.<anonymous> (node:electron/js2c/browser_init:2:123516)
    at SimpleURLLoaderWrapper.emit (node:events:518:28)
INFO 3/24/2026, 6:22:56 AM  950005  load file [/tmp/Typora/1774351376152-0.9157422641391617.html] for PDF export
INFO 3/24/2026, 6:22:56 AM  950163  [blur] 1
INFO 3/24/2026, 6:22:56 AM  950163  [win] blur
INFO 3/24/2026, 6:22:56 AM  950201  generate print window with id [3] for [content]
INFO 3/24/2026, 6:22:56 AM  950448  got PDF data
INFO 3/24/2026, 6:22:56 AM  950450  get background color
INFO 3/24/2026, 6:22:56 AM  950482  load file [/tmp/Typora/1774351376627-1.html] for PDF export
INFO 3/24/2026, 6:22:56 AM  950515  generate print window with id [4] for [header]
INFO 3/24/2026, 6:22:56 AM  950723  got PDF data
INFO 3/24/2026, 6:22:56 AM  950724  get background color
INFO 3/24/2026, 6:22:56 AM  950732  load file [/tmp/Typora/1774351376879-2.html] for PDF export
INFO 3/24/2026, 6:22:56 AM  950763  generate print window with id [5] for [footer]
INFO 3/24/2026, 6:22:57 AM  950971  got PDF data
INFO 3/24/2026, 6:22:57 AM  950972  get background color
INFO 3/24/2026, 6:22:57 AM  951380  [focus] 1
INFO 3/24/2026, 6:22:57 AM  951439  [blur] 1
INFO 3/24/2026, 6:22:57 AM  951439  [win] blur
INFO 3/24/2026, 6:22:59 AM  953654  [focus] 1
INFO 3/24/2026, 6:22:59 AM  953655  [blur] 1
INFO 3/24/2026, 6:22:59 AM  953655  [win] blur
INFO 3/24/2026, 6:22:59 AM  953655  [focus] 1
INFO 3/24/2026, 6:22:59 AM  953655  [blur] 1
INFO 3/24/2026, 6:22:59 AM  953655  [win] blur
INFO 3/24/2026, 6:22:59 AM  953655  [focus] 1
INFO 3/24/2026, 6:22:59 AM  953663  [RenderProcess 1][Log] export PDF to /home/dusts/Videos/YouTube/How to Research Any Topic - Deep-Dive like a PhD Student_-_Guide_-_Sonnet_4.6.pdf
INFO 3/24/2026, 6:23:08 AM  961979  synced recovery
INFO 3/24/2026, 6:23:08 AM  961979  ----------------before-quit-----------------
INFO 3/24/2026, 6:23:08 AM  961979  ------------------will-quit------------------
INFO 3/24/2026, 6:23:08 AM  961980  -----------------quit------------------
INFO 3/24/2026, 6:23:08 AM  961980  closeLogging
